#
# There is insufficient memory for the Java Runtime Environment to continue.
# Native memory allocation (malloc) failed to allocate 1866016 bytes for Chunk::new
# Possible reasons:
#   The system is out of physical RAM or swap space
#   The process is running with CompressedOops enabled, and the Java Heap may be blocking the growth of the native heap
# Possible solutions:
#   Reduce memory load on the system
#   Increase physical memory or swap space
#   Check if swap backing store is full
#   Decrease Java heap size (-Xmx/-Xms)
#   Decrease number of Java threads
#   Decrease Java thread stack sizes (-Xss)
#   Set larger code cache with -XX:ReservedCodeCacheSize=
#   JVM is running with Unscaled Compressed Oops mode in which the Java heap is
#     placed in the first 4GB address space. The Java Heap base address is the
#     maximum limit for the native heap growth. Please use -XX:HeapBaseMinAddress
#     to set the Java Heap base and to place the Java Heap above 4GB virtual address.
# This output file may be truncated or incomplete.
#
#  Out of Memory Error (./src/hotspot/share/memory/arena.cpp:197), pid=2872, tid=16832
#
# JRE version: OpenJDK Runtime Environment (11.0.10) (build 11.0.10+0-b96-7249189)
# Java VM: OpenJDK 64-Bit Server VM (11.0.10+0-b96-7249189, mixed mode, tiered, compressed oops, g1 gc, windows-amd64)
# No core dump will be written. Minidumps are not enabled by default on client versions of Windows
#

---------------  S U M M A R Y ------------

Command Line: --add-opens=java.base/java.util=ALL-UNNAMED --add-opens=java.base/java.lang=ALL-UNNAMED --add-opens=java.base/java.lang.invoke=ALL-UNNAMED --add-opens=java.base/java.util=ALL-UNNAMED --add-opens=java.prefs/java.util.prefs=ALL-UNNAMED --add-opens=java.prefs/java.util.prefs=ALL-UNNAMED --add-opens=java.base/java.nio.charset=ALL-UNNAMED --add-opens=java.base/java.net=ALL-UNNAMED --add-opens=java.base/java.util.concurrent.atomic=ALL-UNNAMED -Xmx2048m -Dfile.encoding=UTF-8 -Duser.country=US -Duser.language=en -Duser.variant org.gradle.launcher.daemon.bootstrap.GradleDaemon 7.0.2

Host: AMD Ryzen 7 3750H with Radeon Vega Mobile Gfx  , 8 cores, 13G,  Windows 10 , 64 bit Build 19041 (10.0.19041.1348)
Time: Thu Dec 16 23:46:56 2021 Egypt Standard Time elapsed time: 1512.980083 seconds (0d 0h 25m 12s)

---------------  T H R E A D  ---------------

Current thread (0x0000019602261000):  JavaThread "C2 CompilerThread2" daemon [_thread_in_native, id=16832, stack(0x00000015b5d00000,0x00000015b5e00000)]


Current CompileTask:
C2:1512980 16874       4       com.android.tools.r8.dex.b$b::a (10 bytes)

Stack: [0x00000015b5d00000,0x00000015b5e00000]
Native frames: (J=compiled Java code, j=interpreted, Vv=VM code, C=native code)
V  [jvm.dll+0x5ecfaa]
V  [jvm.dll+0x722bd5]
V  [jvm.dll+0x72412d]
V  [jvm.dll+0x7247e3]
V  [jvm.dll+0x242928]
V  [jvm.dll+0xbc4fc]
V  [jvm.dll+0xbca0c]
V  [jvm.dll+0x2b4fd4]
V  [jvm.dll+0x506028]
V  [jvm.dll+0x203253]
V  [jvm.dll+0x1fd07c]
V  [jvm.dll+0x1fa77f]
V  [jvm.dll+0x18354c]
V  [jvm.dll+0x208ee7]
V  [jvm.dll+0x207731]
V  [jvm.dll+0x6eb1cf]
V  [jvm.dll+0x6e3d45]
V  [jvm.dll+0x5ebe96]
C  [ucrtbase.dll+0x21bb2]
C  [KERNEL32.DLL+0x17034]
C  [ntdll.dll+0x52651]


---------------  P R O C E S S  ---------------

Threads class SMR info:
_java_thread_list=0x000001967d15e990, length=80, elements={
0x0000019661be0800, 0x000001967c06a800, 0x000001967c079000, 0x000001967c8f3800,
0x000001967c8f6800, 0x000001967c8f8800, 0x000001967c8fa800, 0x000001967c8fd800,
0x000001967c908000, 0x000001967ca6b000, 0x000001967dfa7800, 0x000001967e3aa000,
0x000001967cf68800, 0x00000196008af000, 0x00000196008b3000, 0x00000196008b4000,
0x00000196008b0800, 0x00000196008ae800, 0x00000196008b5000, 0x00000196008b0000,
0x000001967f0ce800, 0x000001967f0d1800, 0x000001967f0d0800, 0x000001967f0d2800,
0x000001967f0cf000, 0x000001967f0cd800, 0x000001967f0d5000, 0x000001967f0d7000,
0x000001967e172800, 0x000001967e16a000, 0x000001967e16e800, 0x000001967e170800,
0x000001967e16f000, 0x000001967e170000, 0x000001967e16b000, 0x000001967e16c000,
0x000001967e173000, 0x000001967e16d800, 0x000001967e179000, 0x000001967e175000,
0x000001967e174000, 0x000001967e175800, 0x000001967e176800, 0x000001967e177800,
0x000001967e178000, 0x000001967f0d8000, 0x000001967f0d6800, 0x000001967f0d9000,
0x000001967f0d3000, 0x000001967f0d9800, 0x000001967f0d4000, 0x000001967f0d5800,
0x00000196008b1800, 0x00000196008b2800, 0x0000019606b79800, 0x0000019606b7b800,
0x0000019606b7d800, 0x0000019606b7c800, 0x0000019606b7a000, 0x0000019606b7b000,
0x0000019606b7e000, 0x0000019606b78800, 0x0000019606b7f000, 0x0000019602261000,
0x0000019602262000, 0x0000019602262800, 0x0000019602260800, 0x0000019602265000,
0x0000019602267000, 0x0000019602263800, 0x0000019602264800, 0x0000019601f25800,
0x0000019601f22800, 0x0000019601f21800, 0x0000019601f23000, 0x0000019601f20000,
0x0000019601f20800, 0x0000019601f24000, 0x0000019601f25000, 0x0000019601f26800
}

Java Threads: ( => current thread )
  0x0000019661be0800 JavaThread "main" [_thread_blocked, id=1596, stack(0x00000015b1100000,0x00000015b1200000)]
  0x000001967c06a800 JavaThread "Reference Handler" daemon [_thread_blocked, id=19372, stack(0x00000015b1800000,0x00000015b1900000)]
  0x000001967c079000 JavaThread "Finalizer" daemon [_thread_blocked, id=13972, stack(0x00000015b1900000,0x00000015b1a00000)]
  0x000001967c8f3800 JavaThread "Signal Dispatcher" daemon [_thread_blocked, id=20160, stack(0x00000015b1a00000,0x00000015b1b00000)]
  0x000001967c8f6800 JavaThread "Attach Listener" daemon [_thread_blocked, id=16428, stack(0x00000015b1b00000,0x00000015b1c00000)]
  0x000001967c8f8800 JavaThread "Service Thread" daemon [_thread_blocked, id=7848, stack(0x00000015b1c00000,0x00000015b1d00000)]
  0x000001967c8fa800 JavaThread "C2 CompilerThread0" daemon [_thread_in_native, id=12224, stack(0x00000015b1d00000,0x00000015b1e00000)]
  0x000001967c8fd800 JavaThread "C1 CompilerThread0" daemon [_thread_in_native, id=14344, stack(0x00000015b1e00000,0x00000015b1f00000)]
  0x000001967c908000 JavaThread "Sweeper thread" daemon [_thread_blocked, id=19512, stack(0x00000015b1f00000,0x00000015b2000000)]
  0x000001967ca6b000 JavaThread "Common-Cleaner" daemon [_thread_blocked, id=3868, stack(0x00000015b2000000,0x00000015b2100000)]
  0x000001967dfa7800 JavaThread "Daemon health stats" [_thread_blocked, id=13868, stack(0x00000015b2800000,0x00000015b2900000)]
  0x000001967e3aa000 JavaThread "Incoming local TCP Connector on port 49743" [_thread_in_native, id=10640, stack(0x00000015b2200000,0x00000015b2300000)]
  0x000001967cf68800 JavaThread "Daemon periodic checks" [_thread_blocked, id=5820, stack(0x00000015b2700000,0x00000015b2800000)]
  0x00000196008af000 JavaThread "Cache worker for file hash cache (C:\Users\Tarek\.gradle\caches\7.0.2\fileHashes)" [_thread_blocked, id=10052, stack(0x00000015b3100000,0x00000015b3200000)]
  0x00000196008b3000 JavaThread "File lock request listener" [_thread_in_native, id=8528, stack(0x00000015b3200000,0x00000015b3300000)]
  0x00000196008b4000 JavaThread "Cache worker for journal cache (C:\Users\Tarek\.gradle\caches\journal-1)" [_thread_blocked, id=1592, stack(0x00000015b3700000,0x00000015b3800000)]
  0x00000196008b0800 JavaThread "File watcher server" daemon [_thread_in_native, id=17148, stack(0x00000015b3900000,0x00000015b3a00000)]
  0x00000196008ae800 JavaThread "File watcher consumer" daemon [_thread_blocked, id=8692, stack(0x00000015b3a00000,0x00000015b3b00000)]
  0x00000196008b5000 JavaThread "jar transforms" [_thread_blocked, id=18540, stack(0x00000015b3b00000,0x00000015b3c00000)]
  0x00000196008b0000 JavaThread "jar transforms Thread 2" [_thread_blocked, id=20440, stack(0x00000015b3c00000,0x00000015b3d00000)]
  0x000001967f0ce800 JavaThread "jar transforms Thread 3" [_thread_blocked, id=9712, stack(0x00000015b3d00000,0x00000015b3e00000)]
  0x000001967f0d1800 JavaThread "jar transforms Thread 4" [_thread_blocked, id=15784, stack(0x00000015b3e00000,0x00000015b3f00000)]
  0x000001967f0d0800 JavaThread "jar transforms Thread 5" [_thread_blocked, id=9564, stack(0x00000015b3f00000,0x00000015b4000000)]
  0x000001967f0d2800 JavaThread "jar transforms Thread 6" [_thread_blocked, id=17260, stack(0x00000015b4000000,0x00000015b4100000)]
  0x000001967f0cf000 JavaThread "jar transforms Thread 7" [_thread_blocked, id=18636, stack(0x00000015b4100000,0x00000015b4200000)]
  0x000001967f0cd800 JavaThread "jar transforms Thread 8" [_thread_blocked, id=4976, stack(0x00000015b4200000,0x00000015b4300000)]
  0x000001967f0d5000 JavaThread "Cache worker for execution history cache (C:\Users\Tarek\.gradle\caches\7.0.2\executionHistory)" [_thread_blocked, id=16388, stack(0x00000015b4700000,0x00000015b4800000)]
  0x000001967f0d7000 JavaThread "Cache worker for file content cache (C:\Users\Tarek\.gradle\caches\7.0.2\fileContent)" [_thread_blocked, id=3736, stack(0x00000015b4800000,0x00000015b4900000)]
  0x000001967e172800 JavaThread "Memory manager" [_thread_blocked, id=18664, stack(0x00000015b5400000,0x00000015b5500000)]
  0x000001967e16a000 JavaThread "Daemon Thread 3" [_thread_blocked, id=3560, stack(0x00000015b0e00000,0x00000015b0f00000)]
  0x000001967e16e800 JavaThread "Handler for socket connection from /127.0.0.1:49743 to /127.0.0.1:64728" [_thread_in_native, id=10132, stack(0x00000015b0f00000,0x00000015b1000000)]
  0x000001967e170800 JavaThread "Cancel handler" [_thread_blocked, id=14460, stack(0x00000015b1000000,0x00000015b1100000)]
  0x000001967e16f000 JavaThread "Daemon worker Thread 3" [_thread_blocked, id=7380, stack(0x00000015b2900000,0x00000015b2a00000)]
  0x000001967e170000 JavaThread "Asynchronous log dispatcher for DefaultDaemonConnection: socket connection from /127.0.0.1:49743 to /127.0.0.1:64728" [_thread_blocked, id=17992, stack(0x00000015b2a00000,0x00000015b2b00000)]
  0x000001967e16b000 JavaThread "Stdin handler" [_thread_blocked, id=12280, stack(0x00000015b2b00000,0x00000015b2c00000)]
  0x000001967e16c000 JavaThread "Daemon client event forwarder" [_thread_blocked, id=9260, stack(0x00000015b2c00000,0x00000015b2d00000)]
  0x000001967e173000 JavaThread "Cache worker for file hash cache (C:\Users\Tarek\AndroidStudioProjects\Quiz Application4\.gradle\7.0.2\fileHashes)" [_thread_blocked, id=19812, stack(0x00000015b2d00000,0x00000015b2e00000)]
  0x000001967e16d800 JavaThread "Cache worker for checksums cache (C:\Users\Tarek\AndroidStudioProjects\Quiz Application4\.gradle\checksums)" [_thread_blocked, id=2764, stack(0x00000015b2e00000,0x00000015b2f00000)]
  0x000001967e179000 JavaThread "Cache worker for cache directory md-supplier (C:\Users\Tarek\.gradle\caches\7.0.2\md-supplier)" [_thread_blocked, id=19972, stack(0x00000015b2f00000,0x00000015b3000000)]
  0x000001967e175000 JavaThread "Cache worker for cache directory md-rule (C:\Users\Tarek\.gradle\caches\7.0.2\md-rule)" [_thread_blocked, id=2376, stack(0x00000015b4300000,0x00000015b4400000)]
  0x000001967e174000 JavaThread "Cache worker for dependencies-accessors (C:\Users\Tarek\AndroidStudioProjects\Quiz Application4\.gradle\7.0.2\dependencies-accessors)" [_thread_blocked, id=20476, stack(0x00000015b4400000,0x00000015b4500000)]
  0x000001967e175800 JavaThread "Cache worker for Build Output Cleanup Cache (C:\Users\Tarek\AndroidStudioProjects\Quiz Application4\.gradle\buildOutputCleanup)" [_thread_blocked, id=9760, stack(0x00000015b4500000,0x00000015b4600000)]
  0x000001967e176800 JavaThread "Build operations" [_thread_blocked, id=19048, stack(0x00000015b4600000,0x00000015b4700000)]
  0x000001967e177800 JavaThread "Build operations Thread 2" [_thread_blocked, id=15080, stack(0x00000015b4900000,0x00000015b4a00000)]
  0x000001967e178000 JavaThread "Build operations Thread 3" [_thread_blocked, id=12188, stack(0x00000015b4a00000,0x00000015b4b00000)]
  0x000001967f0d8000 JavaThread "Build operations Thread 4" [_thread_blocked, id=18056, stack(0x00000015b4b00000,0x00000015b4c00000)]
  0x000001967f0d6800 JavaThread "Build operations Thread 5" [_thread_blocked, id=9768, stack(0x00000015b4c00000,0x00000015b4d00000)]
  0x000001967f0d9000 JavaThread "Build operations Thread 6" [_thread_blocked, id=19828, stack(0x00000015b4d00000,0x00000015b4e00000)]
  0x000001967f0d3000 JavaThread "Build operations Thread 7" [_thread_blocked, id=18120, stack(0x00000015b4e00000,0x00000015b4f00000)]
  0x000001967f0d9800 JavaThread "Build operations Thread 8" [_thread_blocked, id=10032, stack(0x00000015b4f00000,0x00000015b5000000)]
  0x000001967f0d4000 JavaThread "build event listener" [_thread_blocked, id=18164, stack(0x00000015b5000000,0x00000015b5100000)]
  0x000001967f0d5800 JavaThread "Execution worker for ':'" [_thread_blocked, id=12936, stack(0x00000015b5100000,0x00000015b5200000)]
  0x00000196008b1800 JavaThread "Execution worker for ':' Thread 2" [_thread_blocked, id=9404, stack(0x00000015b5200000,0x00000015b5300000)]
  0x00000196008b2800 JavaThread "Execution worker for ':' Thread 3" [_thread_blocked, id=14948, stack(0x00000015b5500000,0x00000015b5600000)]
  0x0000019606b79800 JavaThread "Execution worker for ':' Thread 4" [_thread_blocked, id=13388, stack(0x00000015b5600000,0x00000015b5700000)]
  0x0000019606b7b800 JavaThread "Execution worker for ':' Thread 5" [_thread_blocked, id=4732, stack(0x00000015b5700000,0x00000015b5800000)]
  0x0000019606b7d800 JavaThread "Execution worker for ':' Thread 6" [_thread_blocked, id=18752, stack(0x00000015b5800000,0x00000015b5900000)]
  0x0000019606b7c800 JavaThread "Execution worker for ':' Thread 7" [_thread_blocked, id=13512, stack(0x00000015b5900000,0x00000015b5a00000)]
  0x0000019606b7a000 JavaThread "Cache worker for execution history cache (C:\Users\Tarek\AndroidStudioProjects\Quiz Application4\.gradle\7.0.2\executionHistory)" [_thread_blocked, id=17824, stack(0x00000015b5a00000,0x00000015b5b00000)]
  0x0000019606b7b000 JavaThread "WorkerExecutor Queue" [_thread_blocked, id=11448, stack(0x00000015b5b00000,0x00000015b5c00000)]
  0x0000019606b7e000 JavaThread "WorkerExecutor Queue Thread 2" [_thread_blocked, id=17856, stack(0x00000015b5c00000,0x00000015b5d00000)]
  0x0000019606b78800 JavaThread "WorkerExecutor Queue Thread 3" [_thread_blocked, id=20380, stack(0x00000015b3000000,0x00000015b3100000)]
  0x0000019606b7f000 JavaThread "C2 CompilerThread1" daemon [_thread_in_native, id=660, stack(0x00000015b3800000,0x00000015b3900000)]
=>0x0000019602261000 JavaThread "C2 CompilerThread2" daemon [_thread_in_native, id=16832, stack(0x00000015b5d00000,0x00000015b5e00000)]
  0x0000019602262000 JavaThread "WorkerExecutor Queue Thread 4" [_thread_blocked, id=17496, stack(0x00000015b5e00000,0x00000015b5f00000)]
  0x0000019602262800 JavaThread "WorkerExecutor Queue Thread 5" [_thread_blocked, id=16780, stack(0x00000015b5f00000,0x00000015b6000000)]
  0x0000019602260800 JavaThread "WorkerExecutor Queue Thread 6" [_thread_blocked, id=264, stack(0x00000015b6000000,0x00000015b6100000)]
  0x0000019602265000 JavaThread "WorkerExecutor Queue Thread 8" [_thread_blocked, id=12340, stack(0x00000015b6200000,0x00000015b6300000)]
  0x0000019602267000 JavaThread "WorkerExecutor Queue Thread 9" [_thread_blocked, id=5092, stack(0x00000015b6300000,0x00000015b6400000)]
  0x0000019602263800 JavaThread "ForkJoinPool-3-worker-3" daemon [_thread_blocked, id=19052, stack(0x00000015b6400000,0x00000015b6500000)]
  0x0000019602264800 JavaThread "ForkJoinPool-3-worker-5" daemon [_thread_blocked, id=4316, stack(0x00000015b6500000,0x00000015b6600000)]
  0x0000019601f25800 JavaThread "ForkJoinPool-3-worker-7" daemon [_thread_blocked, id=9536, stack(0x00000015b6600000,0x00000015b6700000)]
  0x0000019601f22800 JavaThread "ForkJoinPool-3-worker-9" daemon [_thread_blocked, id=9292, stack(0x00000015b6700000,0x00000015b6800000)]
  0x0000019601f21800 JavaThread "ForkJoinPool-3-worker-11" daemon [_thread_in_Java, id=17320, stack(0x00000015b6800000,0x00000015b6900000)]
  0x0000019601f23000 JavaThread "ForkJoinPool-3-worker-13" daemon [_thread_blocked, id=14804, stack(0x00000015b6900000,0x00000015b6a00000)]
  0x0000019601f20000 JavaThread "ForkJoinPool-3-worker-15" daemon [_thread_blocked, id=10156, stack(0x00000015b6a00000,0x00000015b6b00000)]
  0x0000019601f20800 JavaThread "ForkJoinPool-3-worker-1" daemon [_thread_blocked, id=7668, stack(0x00000015b6b00000,0x00000015b6c00000)]
  0x0000019601f24000 JavaThread "pool-5-thread-1" [_thread_blocked, id=13820, stack(0x00000015b6c00000,0x00000015b6d00000)]
  0x0000019601f25000 JavaThread "stderr" [_thread_in_native, id=12308, stack(0x00000015b6d00000,0x00000015b6e00000)]
  0x0000019601f26800 JavaThread "stdout" [_thread_in_native, id=18288, stack(0x00000015b6e00000,0x00000015b6f00000)]

Other Threads:
  0x000001967c8a8000 VMThread "VM Thread" [stack: 0x00000015b1700000,0x00000015b1800000] [id=17744]
  0x000001967ca7c800 WatcherThread [stack: 0x00000015b2100000,0x00000015b2200000] [id=11100]
  0x0000019661bf8000 GCTaskThread "GC Thread#0" [stack: 0x00000015b1200000,0x00000015b1300000] [id=12988]
  0x000001967d925800 GCTaskThread "GC Thread#1" [stack: 0x00000015b2300000,0x00000015b2400000] [id=18620]
  0x000001967d69a000 GCTaskThread "GC Thread#2" [stack: 0x00000015b2400000,0x00000015b2500000] [id=16588]
  0x000001967d860800 GCTaskThread "GC Thread#3" [stack: 0x00000015b2500000,0x00000015b2600000] [id=2860]
  0x000001967d861800 GCTaskThread "GC Thread#4" [stack: 0x00000015b2600000,0x00000015b2700000] [id=4596]
  0x000001967f0e2800 GCTaskThread "GC Thread#5" [stack: 0x00000015b3300000,0x00000015b3400000] [id=11680]
  0x000001967f584800 GCTaskThread "GC Thread#6" [stack: 0x00000015b3400000,0x00000015b3500000] [id=12808]
  0x000001960043f000 GCTaskThread "GC Thread#7" [stack: 0x00000015b3500000,0x00000015b3600000] [id=5584]
  0x0000019661c2a000 ConcurrentGCThread "G1 Main Marker" [stack: 0x00000015b1300000,0x00000015b1400000] [id=11744]
  0x0000019661c2b000 ConcurrentGCThread "G1 Conc#0" [stack: 0x00000015b1400000,0x00000015b1500000] [id=4648]
  0x000001967f589800 ConcurrentGCThread "G1 Conc#1" [stack: 0x00000015b3600000,0x00000015b3700000] [id=19248]
  0x000001967bede800 ConcurrentGCThread "G1 Refine#0" [stack: 0x00000015b1500000,0x00000015b1600000] [id=17660]
  0x0000019603fa3000 ConcurrentGCThread "G1 Refine#1" [stack: 0x00000015b5300000,0x00000015b5400000] [id=12672]
  0x0000019600d6d800 ConcurrentGCThread "G1 Refine#2" [stack: 0x00000015b6f00000,0x00000015b7000000] [id=17904]
  0x000001967bedf000 ConcurrentGCThread "G1 Young RemSet Sampling" [stack: 0x00000015b1600000,0x00000015b1700000] [id=13764]

Threads with active compile tasks:
C2 CompilerThread01513035 16875       4       com.android.tools.r8.graph.u::a (95 bytes)
C2 CompilerThread11513035 16906 %     4       java.util.TimSort::mergeLo @ 153 (659 bytes)
C2 CompilerThread21513035 16874       4       com.android.tools.r8.dex.b$b::a (10 bytes)

VM state:not at safepoint (normal execution)

VM Mutex/Monitor currently owned by a thread: None

Heap address: 0x0000000080000000, size: 2048 MB, Compressed Oops mode: 32-bit
Narrow klass base: 0x0000000000000000, Narrow klass shift: 3
Compressed class space size: 1073741824 Address: 0x0000000100000000

Heap:
 garbage-first heap   total 275456K, used 171496K [0x0000000080000000, 0x0000000100000000)
  region size 1024K, 6 young (6144K), 5 survivors (5120K)
 Metaspace       used 117618K, capacity 121058K, committed 121344K, reserved 1155072K
  class space    used 15112K, capacity 16344K, committed 16384K, reserved 1048576K
Heap Regions: E=young(eden), S=young(survivor), O=old, HS=humongous(starts), HC=humongous(continues), CS=collection set, F=free, A=archive, TAMS=top-at-mark-start (previous, next)
|   0|0x0000000080000000, 0x0000000080100000, 0x0000000080100000|100%| O|  |TAMS 0x0000000080100000, 0x0000000080100000| Untracked 
|   1|0x0000000080100000, 0x0000000080200000, 0x0000000080200000|100%| O|  |TAMS 0x0000000080200000, 0x0000000080200000| Untracked 
|   2|0x0000000080200000, 0x0000000080300000, 0x0000000080300000|100%| O|  |TAMS 0x0000000080300000, 0x0000000080300000| Untracked 
|   3|0x0000000080300000, 0x0000000080400000, 0x0000000080400000|100%|HS|  |TAMS 0x0000000080400000, 0x0000000080400000| Complete 
|   4|0x0000000080400000, 0x0000000080500000, 0x0000000080500000|100%|HC|  |TAMS 0x0000000080500000, 0x0000000080500000| Complete 
|   5|0x0000000080500000, 0x0000000080600000, 0x0000000080600000|100%|HC|  |TAMS 0x0000000080600000, 0x0000000080600000| Complete 
|   6|0x0000000080600000, 0x0000000080700000, 0x0000000080700000|100%| O|  |TAMS 0x0000000080700000, 0x0000000080700000| Untracked 
|   7|0x0000000080700000, 0x0000000080800000, 0x0000000080800000|100%| O|  |TAMS 0x0000000080800000, 0x0000000080800000| Untracked 
|   8|0x0000000080800000, 0x0000000080900000, 0x0000000080900000|100%| O|  |TAMS 0x0000000080900000, 0x0000000080900000| Untracked 
|   9|0x0000000080900000, 0x0000000080a00000, 0x0000000080a00000|100%| O|  |TAMS 0x0000000080a00000, 0x0000000080a00000| Untracked 
|  10|0x0000000080a00000, 0x0000000080b00000, 0x0000000080b00000|100%| O|  |TAMS 0x0000000080b00000, 0x0000000080b00000| Untracked 
|  11|0x0000000080b00000, 0x0000000080c00000, 0x0000000080c00000|100%| O|  |TAMS 0x0000000080c00000, 0x0000000080c00000| Untracked 
|  12|0x0000000080c00000, 0x0000000080d00000, 0x0000000080d00000|100%| O|  |TAMS 0x0000000080d00000, 0x0000000080d00000| Untracked 
|  13|0x0000000080d00000, 0x0000000080e00000, 0x0000000080e00000|100%| O|  |TAMS 0x0000000080e00000, 0x0000000080e00000| Untracked 
|  14|0x0000000080e00000, 0x0000000080f00000, 0x0000000080f00000|100%| O|  |TAMS 0x0000000080f00000, 0x0000000080f00000| Untracked 
|  15|0x0000000080f00000, 0x0000000081000000, 0x0000000081000000|100%| O|  |TAMS 0x0000000081000000, 0x0000000081000000| Untracked 
|  16|0x0000000081000000, 0x0000000081100000, 0x0000000081100000|100%|HS|  |TAMS 0x0000000081100000, 0x0000000081100000| Complete 
|  17|0x0000000081100000, 0x0000000081200000, 0x0000000081200000|100%|HC|  |TAMS 0x0000000081200000, 0x0000000081200000| Complete 
|  18|0x0000000081200000, 0x0000000081300000, 0x0000000081300000|100%|HS|  |TAMS 0x0000000081300000, 0x0000000081300000| Complete 
|  19|0x0000000081300000, 0x0000000081400000, 0x0000000081400000|100%|HC|  |TAMS 0x0000000081400000, 0x0000000081400000| Complete 
|  20|0x0000000081400000, 0x0000000081500000, 0x0000000081500000|100%|HC|  |TAMS 0x0000000081500000, 0x0000000081500000| Complete 
|  21|0x0000000081500000, 0x0000000081600000, 0x0000000081600000|100%|HS|  |TAMS 0x0000000081600000, 0x0000000081600000| Complete 
|  22|0x0000000081600000, 0x0000000081700000, 0x0000000081700000|100%|HC|  |TAMS 0x0000000081700000, 0x0000000081700000| Complete 
|  23|0x0000000081700000, 0x0000000081800000, 0x0000000081800000|100%|HC|  |TAMS 0x0000000081800000, 0x0000000081800000| Complete 
|  24|0x0000000081800000, 0x0000000081900000, 0x0000000081900000|100%|HC|  |TAMS 0x0000000081900000, 0x0000000081900000| Complete 
|  25|0x0000000081900000, 0x0000000081a00000, 0x0000000081a00000|100%|HC|  |TAMS 0x0000000081a00000, 0x0000000081a00000| Complete 
|  26|0x0000000081a00000, 0x0000000081b00000, 0x0000000081b00000|100%|HS|  |TAMS 0x0000000081b00000, 0x0000000081b00000| Complete 
|  27|0x0000000081b00000, 0x0000000081c00000, 0x0000000081c00000|100%|HS|  |TAMS 0x0000000081c00000, 0x0000000081c00000| Complete 
|  28|0x0000000081c00000, 0x0000000081d00000, 0x0000000081d00000|100%| O|  |TAMS 0x0000000081d00000, 0x0000000081d00000| Untracked 
|  29|0x0000000081d00000, 0x0000000081e00000, 0x0000000081e00000|100%|HS|  |TAMS 0x0000000081e00000, 0x0000000081e00000| Complete 
|  30|0x0000000081e00000, 0x0000000081f00000, 0x0000000081f00000|100%|HC|  |TAMS 0x0000000081f00000, 0x0000000081f00000| Complete 
|  31|0x0000000081f00000, 0x0000000082000000, 0x0000000082000000|100%|HC|  |TAMS 0x0000000082000000, 0x0000000082000000| Complete 
|  32|0x0000000082000000, 0x0000000082100000, 0x0000000082100000|100%|HC|  |TAMS 0x0000000082100000, 0x0000000082100000| Complete 
|  33|0x0000000082100000, 0x0000000082200000, 0x0000000082200000|100%|HC|  |TAMS 0x0000000082200000, 0x0000000082200000| Complete 
|  34|0x0000000082200000, 0x0000000082300000, 0x0000000082300000|100%|HS|  |TAMS 0x0000000082300000, 0x0000000082300000| Complete 
|  35|0x0000000082300000, 0x0000000082400000, 0x0000000082400000|100%|HC|  |TAMS 0x0000000082400000, 0x0000000082400000| Complete 
|  36|0x0000000082400000, 0x0000000082500000, 0x0000000082500000|100%|HC|  |TAMS 0x0000000082500000, 0x0000000082500000| Complete 
|  37|0x0000000082500000, 0x0000000082600000, 0x0000000082600000|100%| O|  |TAMS 0x0000000082600000, 0x0000000082600000| Untracked 
|  38|0x0000000082600000, 0x0000000082700000, 0x0000000082700000|100%| O|  |TAMS 0x00000000826f0200, 0x0000000082700000| Untracked 
|  39|0x0000000082700000, 0x0000000082800000, 0x0000000082800000|100%| O|  |TAMS 0x0000000082800000, 0x0000000082800000| Untracked 
|  40|0x0000000082800000, 0x0000000082900000, 0x0000000082900000|100%|HS|  |TAMS 0x0000000082900000, 0x0000000082900000| Complete 
|  41|0x0000000082900000, 0x0000000082a00000, 0x0000000082a00000|100%|HC|  |TAMS 0x0000000082a00000, 0x0000000082a00000| Complete 
|  42|0x0000000082a00000, 0x0000000082b00000, 0x0000000082b00000|100%| O|  |TAMS 0x0000000082b00000, 0x0000000082b00000| Untracked 
|  43|0x0000000082b00000, 0x0000000082c00000, 0x0000000082c00000|100%| O|  |TAMS 0x0000000082c00000, 0x0000000082c00000| Untracked 
|  44|0x0000000082c00000, 0x0000000082d00000, 0x0000000082d00000|100%| O|  |TAMS 0x0000000082d00000, 0x0000000082d00000| Untracked 
|  45|0x0000000082d00000, 0x0000000082e00000, 0x0000000082e00000|100%| O|  |TAMS 0x0000000082e00000, 0x0000000082e00000| Untracked 
|  46|0x0000000082e00000, 0x0000000082f00000, 0x0000000082f00000|100%| O|  |TAMS 0x0000000082f00000, 0x0000000082f00000| Untracked 
|  47|0x0000000082f00000, 0x0000000083000000, 0x0000000083000000|100%| O|  |TAMS 0x0000000083000000, 0x0000000083000000| Untracked 
|  48|0x0000000083000000, 0x0000000083100000, 0x0000000083100000|100%| O|  |TAMS 0x0000000083100000, 0x0000000083100000| Untracked 
|  49|0x0000000083100000, 0x0000000083200000, 0x0000000083200000|100%| O|  |TAMS 0x0000000083200000, 0x0000000083200000| Untracked 
|  50|0x0000000083200000, 0x0000000083300000, 0x0000000083300000|100%| O|  |TAMS 0x0000000083300000, 0x0000000083300000| Untracked 
|  51|0x0000000083300000, 0x0000000083400000, 0x0000000083400000|100%| O|  |TAMS 0x0000000083400000, 0x0000000083400000| Untracked 
|  52|0x0000000083400000, 0x0000000083500000, 0x0000000083500000|100%| O|  |TAMS 0x0000000083500000, 0x0000000083500000| Untracked 
|  53|0x0000000083500000, 0x0000000083600000, 0x0000000083600000|100%| O|  |TAMS 0x0000000083600000, 0x0000000083600000| Untracked 
|  54|0x0000000083600000, 0x0000000083700000, 0x0000000083700000|100%| O|  |TAMS 0x0000000083700000, 0x0000000083700000| Untracked 
|  55|0x0000000083700000, 0x0000000083800000, 0x0000000083800000|100%| O|  |TAMS 0x0000000083800000, 0x0000000083800000| Untracked 
|  56|0x0000000083800000, 0x0000000083900000, 0x0000000083900000|100%| O|  |TAMS 0x0000000083900000, 0x0000000083900000| Untracked 
|  57|0x0000000083900000, 0x0000000083a00000, 0x0000000083a00000|100%| O|  |TAMS 0x0000000083a00000, 0x0000000083a00000| Untracked 
|  58|0x0000000083a00000, 0x0000000083b00000, 0x0000000083b00000|100%| O|  |TAMS 0x0000000083b00000, 0x0000000083b00000| Untracked 
|  59|0x0000000083b00000, 0x0000000083c00000, 0x0000000083c00000|100%| O|  |TAMS 0x0000000083c00000, 0x0000000083c00000| Untracked 
|  60|0x0000000083c00000, 0x0000000083d00000, 0x0000000083d00000|100%| O|  |TAMS 0x0000000083d00000, 0x0000000083d00000| Untracked 
|  61|0x0000000083d00000, 0x0000000083e00000, 0x0000000083e00000|100%| O|  |TAMS 0x0000000083e00000, 0x0000000083e00000| Untracked 
|  62|0x0000000083e00000, 0x0000000083f00000, 0x0000000083f00000|100%| O|  |TAMS 0x0000000083f00000, 0x0000000083f00000| Untracked 
|  63|0x0000000083f00000, 0x0000000084000000, 0x0000000084000000|100%|HS|  |TAMS 0x0000000083f00000, 0x0000000084000000| Complete 
|  64|0x0000000084000000, 0x0000000084100000, 0x0000000084100000|100%| O|  |TAMS 0x0000000084100000, 0x0000000084100000| Untracked 
|  65|0x0000000084100000, 0x0000000084200000, 0x0000000084200000|100%| O|  |TAMS 0x0000000084200000, 0x0000000084200000| Untracked 
|  66|0x0000000084200000, 0x0000000084300000, 0x0000000084300000|100%| O|  |TAMS 0x0000000084300000, 0x0000000084300000| Untracked 
|  67|0x0000000084300000, 0x0000000084400000, 0x0000000084400000|100%| O|  |TAMS 0x0000000084400000, 0x0000000084400000| Untracked 
|  68|0x0000000084400000, 0x0000000084500000, 0x0000000084500000|100%| O|  |TAMS 0x0000000084500000, 0x0000000084500000| Untracked 
|  69|0x0000000084500000, 0x0000000084600000, 0x0000000084600000|100%| O|  |TAMS 0x0000000084600000, 0x0000000084600000| Untracked 
|  70|0x0000000084600000, 0x0000000084700000, 0x0000000084700000|100%| O|  |TAMS 0x0000000084700000, 0x0000000084700000| Untracked 
|  71|0x0000000084700000, 0x0000000084800000, 0x0000000084800000|100%| O|  |TAMS 0x0000000084800000, 0x0000000084800000| Untracked 
|  72|0x0000000084800000, 0x0000000084900000, 0x0000000084900000|100%| O|  |TAMS 0x0000000084900000, 0x0000000084900000| Untracked 
|  73|0x0000000084900000, 0x0000000084a00000, 0x0000000084a00000|100%| O|  |TAMS 0x0000000084a00000, 0x0000000084a00000| Untracked 
|  74|0x0000000084a00000, 0x0000000084b00000, 0x0000000084b00000|100%| O|  |TAMS 0x0000000084b00000, 0x0000000084b00000| Untracked 
|  75|0x0000000084b00000, 0x0000000084c00000, 0x0000000084c00000|100%| O|  |TAMS 0x0000000084c00000, 0x0000000084c00000| Untracked 
|  76|0x0000000084c00000, 0x0000000084d00000, 0x0000000084d00000|100%| O|  |TAMS 0x0000000084d00000, 0x0000000084d00000| Untracked 
|  77|0x0000000084d00000, 0x0000000084e00000, 0x0000000084e00000|100%|HS|  |TAMS 0x0000000084d00000, 0x0000000084e00000| Complete 
|  78|0x0000000084e00000, 0x0000000084f00000, 0x0000000084f00000|100%|HS|  |TAMS 0x0000000084e00000, 0x0000000084f00000| Complete 
|  79|0x0000000084f00000, 0x0000000085000000, 0x0000000085000000|100%| O|  |TAMS 0x0000000085000000, 0x0000000085000000| Untracked 
|  80|0x0000000085000000, 0x0000000085100000, 0x0000000085100000|100%| O|  |TAMS 0x0000000085100000, 0x0000000085100000| Untracked 
|  81|0x0000000085100000, 0x0000000085200000, 0x0000000085200000|100%| O|  |TAMS 0x0000000085200000, 0x0000000085200000| Untracked 
|  82|0x0000000085200000, 0x0000000085300000, 0x0000000085300000|100%| O|  |TAMS 0x0000000085300000, 0x0000000085300000| Untracked 
|  83|0x0000000085300000, 0x0000000085300000, 0x0000000085400000|  0%| F|  |TAMS 0x0000000085300000, 0x0000000085300000| Untracked 
|  84|0x0000000085400000, 0x0000000085500000, 0x0000000085500000|100%| O|  |TAMS 0x0000000085500000, 0x0000000085500000| Untracked 
|  85|0x0000000085500000, 0x0000000085600000, 0x0000000085600000|100%| O|  |TAMS 0x0000000085600000, 0x0000000085600000| Untracked 
|  86|0x0000000085600000, 0x0000000085700000, 0x0000000085700000|100%| O|  |TAMS 0x0000000085700000, 0x0000000085700000| Untracked 
|  87|0x0000000085700000, 0x0000000085700000, 0x0000000085800000|  0%| F|  |TAMS 0x0000000085700000, 0x0000000085700000| Untracked 
|  88|0x0000000085800000, 0x0000000085900000, 0x0000000085900000|100%| O|  |TAMS 0x0000000085800000, 0x0000000085900000| Untracked 
|  89|0x0000000085900000, 0x0000000085a00000, 0x0000000085a00000|100%| O|  |TAMS 0x0000000085a00000, 0x0000000085a00000| Untracked 
|  90|0x0000000085a00000, 0x0000000085b00000, 0x0000000085b00000|100%| O|  |TAMS 0x0000000085b00000, 0x0000000085b00000| Untracked 
|  91|0x0000000085b00000, 0x0000000085c00000, 0x0000000085c00000|100%| O|  |TAMS 0x0000000085c00000, 0x0000000085c00000| Untracked 
|  92|0x0000000085c00000, 0x0000000085d00000, 0x0000000085d00000|100%| O|  |TAMS 0x0000000085d00000, 0x0000000085d00000| Untracked 
|  93|0x0000000085d00000, 0x0000000085e00000, 0x0000000085e00000|100%| O|  |TAMS 0x0000000085e00000, 0x0000000085e00000| Untracked 
|  94|0x0000000085e00000, 0x0000000085f00000, 0x0000000085f00000|100%| O|  |TAMS 0x0000000085f00000, 0x0000000085f00000| Untracked 
|  95|0x0000000085f00000, 0x0000000086000000, 0x0000000086000000|100%| O|  |TAMS 0x0000000086000000, 0x0000000086000000| Untracked 
|  96|0x0000000086000000, 0x0000000086100000, 0x0000000086100000|100%| O|  |TAMS 0x0000000086100000, 0x0000000086100000| Untracked 
|  97|0x0000000086100000, 0x0000000086200000, 0x0000000086200000|100%|HS|  |TAMS 0x0000000086200000, 0x0000000086200000| Complete 
|  98|0x0000000086200000, 0x0000000086300000, 0x0000000086300000|100%|HC|  |TAMS 0x0000000086300000, 0x0000000086300000| Complete 
|  99|0x0000000086300000, 0x0000000086400000, 0x0000000086400000|100%|HS|  |TAMS 0x0000000086400000, 0x0000000086400000| Complete 
| 100|0x0000000086400000, 0x0000000086500000, 0x0000000086500000|100%|HS|  |TAMS 0x0000000086500000, 0x0000000086500000| Complete 
| 101|0x0000000086500000, 0x0000000086500000, 0x0000000086600000|  0%| F|  |TAMS 0x0000000086500000, 0x0000000086500000| Untracked 
| 102|0x0000000086600000, 0x0000000086700000, 0x0000000086700000|100%| O|  |TAMS 0x0000000086700000, 0x0000000086700000| Untracked 
| 103|0x0000000086700000, 0x0000000086800000, 0x0000000086800000|100%| O|  |TAMS 0x0000000086800000, 0x0000000086800000| Untracked 
| 104|0x0000000086800000, 0x0000000086800000, 0x0000000086900000|  0%| F|  |TAMS 0x0000000086800000, 0x0000000086800000| Untracked 
| 105|0x0000000086900000, 0x0000000086a00000, 0x0000000086a00000|100%| O|  |TAMS 0x0000000086a00000, 0x0000000086a00000| Untracked 
| 106|0x0000000086a00000, 0x0000000086b00000, 0x0000000086b00000|100%| O|  |TAMS 0x0000000086b00000, 0x0000000086b00000| Untracked 
| 107|0x0000000086b00000, 0x0000000086b00000, 0x0000000086c00000|  0%| F|  |TAMS 0x0000000086b00000, 0x0000000086b00000| Untracked 
| 108|0x0000000086c00000, 0x0000000086c00000, 0x0000000086d00000|  0%| F|  |TAMS 0x0000000086c00000, 0x0000000086c00000| Untracked 
| 109|0x0000000086d00000, 0x0000000086e00000, 0x0000000086e00000|100%| O|  |TAMS 0x0000000086d00000, 0x0000000086e00000| Untracked 
| 110|0x0000000086e00000, 0x0000000086f00000, 0x0000000086f00000|100%| O|  |TAMS 0x0000000086e00000, 0x0000000086f00000| Untracked 
| 111|0x0000000086f00000, 0x0000000087000000, 0x0000000087000000|100%| O|  |TAMS 0x0000000087000000, 0x0000000087000000| Untracked 
| 112|0x0000000087000000, 0x0000000087100000, 0x0000000087100000|100%|HS|  |TAMS 0x0000000087100000, 0x0000000087100000| Complete 
| 113|0x0000000087100000, 0x0000000087200000, 0x0000000087200000|100%| O|  |TAMS 0x0000000087200000, 0x0000000087200000| Untracked 
| 114|0x0000000087200000, 0x0000000087300000, 0x0000000087300000|100%| O|  |TAMS 0x0000000087200000, 0x0000000087300000| Untracked 
| 115|0x0000000087300000, 0x0000000087400000, 0x0000000087400000|100%| O|  |TAMS 0x0000000087300000, 0x0000000087400000| Untracked 
| 116|0x0000000087400000, 0x0000000087500000, 0x0000000087500000|100%| O|  |TAMS 0x0000000087400000, 0x0000000087500000| Untracked 
| 117|0x0000000087500000, 0x0000000087600000, 0x0000000087600000|100%| O|  |TAMS 0x0000000087600000, 0x0000000087600000| Untracked 
| 118|0x0000000087600000, 0x0000000087700000, 0x0000000087700000|100%| O|  |TAMS 0x0000000087700000, 0x0000000087700000| Untracked 
| 119|0x0000000087700000, 0x0000000087800000, 0x0000000087800000|100%| O|  |TAMS 0x0000000087800000, 0x0000000087800000| Untracked 
| 120|0x0000000087800000, 0x0000000087900000, 0x0000000087900000|100%| O|  |TAMS 0x0000000087900000, 0x0000000087900000| Untracked 
| 121|0x0000000087900000, 0x0000000087a00000, 0x0000000087a00000|100%| O|  |TAMS 0x0000000087900000, 0x0000000087a00000| Untracked 
| 122|0x0000000087a00000, 0x0000000087b00000, 0x0000000087b00000|100%| O|  |TAMS 0x0000000087b00000, 0x0000000087b00000| Untracked 
| 123|0x0000000087b00000, 0x0000000087c00000, 0x0000000087c00000|100%| O|  |TAMS 0x0000000087c00000, 0x0000000087c00000| Untracked 
| 124|0x0000000087c00000, 0x0000000087d00000, 0x0000000087d00000|100%| O|  |TAMS 0x0000000087d00000, 0x0000000087d00000| Untracked 
| 125|0x0000000087d00000, 0x0000000087e00000, 0x0000000087e00000|100%| O|  |TAMS 0x0000000087e00000, 0x0000000087e00000| Untracked 
| 126|0x0000000087e00000, 0x0000000087f00000, 0x0000000087f00000|100%| O|  |TAMS 0x0000000087f00000, 0x0000000087f00000| Untracked 
| 127|0x0000000087f00000, 0x0000000088000000, 0x0000000088000000|100%| O|  |TAMS 0x0000000088000000, 0x0000000088000000| Untracked 
| 128|0x0000000088000000, 0x0000000088000000, 0x0000000088100000|  0%| F|  |TAMS 0x0000000088000000, 0x0000000088000000| Untracked 
| 129|0x0000000088100000, 0x0000000088200000, 0x0000000088200000|100%| O|  |TAMS 0x0000000088200000, 0x0000000088200000| Untracked 
| 130|0x0000000088200000, 0x0000000088300000, 0x0000000088300000|100%| O|  |TAMS 0x0000000088300000, 0x0000000088300000| Untracked 
| 131|0x0000000088300000, 0x0000000088400000, 0x0000000088400000|100%| O|  |TAMS 0x0000000088400000, 0x0000000088400000| Untracked 
| 132|0x0000000088400000, 0x0000000088500000, 0x0000000088500000|100%| O|  |TAMS 0x0000000088500000, 0x0000000088500000| Untracked 
| 133|0x0000000088500000, 0x0000000088600000, 0x0000000088600000|100%| O|  |TAMS 0x0000000088600000, 0x0000000088600000| Untracked 
| 134|0x0000000088600000, 0x0000000088700000, 0x0000000088700000|100%| O|  |TAMS 0x0000000088700000, 0x0000000088700000| Untracked 
| 135|0x0000000088700000, 0x0000000088800000, 0x0000000088800000|100%| O|  |TAMS 0x0000000088800000, 0x0000000088800000| Untracked 
| 136|0x0000000088800000, 0x0000000088900000, 0x0000000088900000|100%| O|  |TAMS 0x0000000088900000, 0x0000000088900000| Untracked 
| 137|0x0000000088900000, 0x0000000088900000, 0x0000000088a00000|  0%| F|  |TAMS 0x0000000088900000, 0x0000000088900000| Untracked 
| 138|0x0000000088a00000, 0x0000000088a00000, 0x0000000088b00000|  0%| F|  |TAMS 0x0000000088a00000, 0x0000000088a00000| Untracked 
| 139|0x0000000088b00000, 0x0000000088c00000, 0x0000000088c00000|100%| O|  |TAMS 0x0000000088c00000, 0x0000000088c00000| Untracked 
| 140|0x0000000088c00000, 0x0000000088d00000, 0x0000000088d00000|100%| O|  |TAMS 0x0000000088d00000, 0x0000000088d00000| Untracked 
| 141|0x0000000088d00000, 0x0000000088e00000, 0x0000000088e00000|100%| O|  |TAMS 0x0000000088e00000, 0x0000000088e00000| Untracked 
| 142|0x0000000088e00000, 0x0000000088f00000, 0x0000000088f00000|100%| O|  |TAMS 0x0000000088f00000, 0x0000000088f00000| Untracked 
| 143|0x0000000088f00000, 0x0000000089000000, 0x0000000089000000|100%| O|  |TAMS 0x0000000089000000, 0x0000000089000000| Untracked 
| 144|0x0000000089000000, 0x0000000089100000, 0x0000000089100000|100%| O|  |TAMS 0x0000000089100000, 0x0000000089100000| Untracked 
| 145|0x0000000089100000, 0x0000000089200000, 0x0000000089200000|100%| O|  |TAMS 0x0000000089200000, 0x0000000089200000| Untracked 
| 146|0x0000000089200000, 0x0000000089300000, 0x0000000089300000|100%| O|  |TAMS 0x0000000089300000, 0x0000000089300000| Untracked 
| 147|0x0000000089300000, 0x0000000089400000, 0x0000000089400000|100%| O|  |TAMS 0x0000000089400000, 0x0000000089400000| Untracked 
| 148|0x0000000089400000, 0x0000000089500000, 0x0000000089500000|100%| O|  |TAMS 0x0000000089500000, 0x0000000089500000| Untracked 
| 149|0x0000000089500000, 0x0000000089600000, 0x0000000089600000|100%| O|  |TAMS 0x0000000089600000, 0x0000000089600000| Untracked 
| 150|0x0000000089600000, 0x0000000089700000, 0x0000000089700000|100%| O|  |TAMS 0x0000000089700000, 0x0000000089700000| Untracked 
| 151|0x0000000089700000, 0x0000000089800000, 0x0000000089800000|100%| O|  |TAMS 0x0000000089800000, 0x0000000089800000| Untracked 
| 152|0x0000000089800000, 0x0000000089900000, 0x0000000089900000|100%| O|  |TAMS 0x0000000089900000, 0x0000000089900000| Untracked 
| 153|0x0000000089900000, 0x0000000089a00000, 0x0000000089a00000|100%| O|  |TAMS 0x0000000089a00000, 0x0000000089a00000| Untracked 
| 154|0x0000000089a00000, 0x0000000089b00000, 0x0000000089b00000|100%| O|  |TAMS 0x0000000089b00000, 0x0000000089b00000| Untracked 
| 155|0x0000000089b00000, 0x0000000089c00000, 0x0000000089c00000|100%| O|  |TAMS 0x0000000089c00000, 0x0000000089c00000| Untracked 
| 156|0x0000000089c00000, 0x0000000089d00000, 0x0000000089d00000|100%| O|  |TAMS 0x0000000089d00000, 0x0000000089d00000| Untracked 
| 157|0x0000000089d00000, 0x0000000089d00000, 0x0000000089e00000|  0%| F|  |TAMS 0x0000000089d00000, 0x0000000089d00000| Untracked 
| 158|0x0000000089e00000, 0x0000000089f00000, 0x0000000089f00000|100%| O|  |TAMS 0x0000000089f00000, 0x0000000089f00000| Untracked 
| 159|0x0000000089f00000, 0x000000008a000000, 0x000000008a000000|100%| O|  |TAMS 0x000000008a000000, 0x000000008a000000| Untracked 
| 160|0x000000008a000000, 0x000000008a100000, 0x000000008a100000|100%| O|  |TAMS 0x000000008a100000, 0x000000008a100000| Untracked 
| 161|0x000000008a100000, 0x000000008a200000, 0x000000008a200000|100%| O|  |TAMS 0x000000008a200000, 0x000000008a200000| Untracked 
| 162|0x000000008a200000, 0x000000008a300000, 0x000000008a300000|100%| O|  |TAMS 0x000000008a300000, 0x000000008a300000| Untracked 
| 163|0x000000008a300000, 0x000000008a400000, 0x000000008a400000|100%| O|  |TAMS 0x000000008a400000, 0x000000008a400000| Untracked 
| 164|0x000000008a400000, 0x000000008a400000, 0x000000008a500000|  0%| F|  |TAMS 0x000000008a400000, 0x000000008a400000| Untracked 
| 165|0x000000008a500000, 0x000000008a500000, 0x000000008a600000|  0%| F|  |TAMS 0x000000008a500000, 0x000000008a500000| Untracked 
| 166|0x000000008a600000, 0x000000008a700000, 0x000000008a700000|100%| O|  |TAMS 0x000000008a700000, 0x000000008a700000| Untracked 
| 167|0x000000008a700000, 0x000000008a800000, 0x000000008a800000|100%| O|  |TAMS 0x000000008a800000, 0x000000008a800000| Untracked 
| 168|0x000000008a800000, 0x000000008a800000, 0x000000008a900000|  0%| F|  |TAMS 0x000000008a800000, 0x000000008a800000| Untracked 
| 169|0x000000008a900000, 0x000000008aa00000, 0x000000008aa00000|100%| O|  |TAMS 0x000000008aa00000, 0x000000008aa00000| Untracked 
| 170|0x000000008aa00000, 0x000000008aa00000, 0x000000008ab00000|  0%| F|  |TAMS 0x000000008aa00000, 0x000000008aa00000| Untracked 
| 171|0x000000008ab00000, 0x000000008ac00000, 0x000000008ac00000|100%| O|  |TAMS 0x000000008ac00000, 0x000000008ac00000| Untracked 
| 172|0x000000008ac00000, 0x000000008ad00000, 0x000000008ad00000|100%| O|  |TAMS 0x000000008ac00000, 0x000000008ad00000| Untracked 
| 173|0x000000008ad00000, 0x000000008ae00000, 0x000000008ae00000|100%| O|  |TAMS 0x000000008ad00000, 0x000000008ae00000| Untracked 
| 174|0x000000008ae00000, 0x000000008af00000, 0x000000008af00000|100%| O|  |TAMS 0x000000008ae00000, 0x000000008af00000| Untracked 
| 175|0x000000008af00000, 0x000000008b000000, 0x000000008b000000|100%| O|  |TAMS 0x000000008af00000, 0x000000008b000000| Untracked 
| 176|0x000000008b000000, 0x000000008b100000, 0x000000008b100000|100%| O|  |TAMS 0x000000008b000000, 0x000000008b100000| Untracked 
| 177|0x000000008b100000, 0x000000008b172000, 0x000000008b200000| 44%| O|  |TAMS 0x000000008b100000, 0x000000008b172000| Untracked 
| 178|0x000000008b200000, 0x000000008b200000, 0x000000008b300000|  0%| F|  |TAMS 0x000000008b200000, 0x000000008b200000| Untracked 
| 179|0x000000008b300000, 0x000000008b300000, 0x000000008b400000|  0%| F|  |TAMS 0x000000008b300000, 0x000000008b300000| Untracked 
| 180|0x000000008b400000, 0x000000008b400000, 0x000000008b500000|  0%| F|  |TAMS 0x000000008b400000, 0x000000008b400000| Untracked 
| 181|0x000000008b500000, 0x000000008b500000, 0x000000008b600000|  0%| F|  |TAMS 0x000000008b500000, 0x000000008b500000| Untracked 
| 182|0x000000008b600000, 0x000000008b600000, 0x000000008b700000|  0%| F|  |TAMS 0x000000008b600000, 0x000000008b600000| Untracked 
| 183|0x000000008b700000, 0x000000008b700000, 0x000000008b800000|  0%| F|  |TAMS 0x000000008b700000, 0x000000008b700000| Untracked 
| 184|0x000000008b800000, 0x000000008b800000, 0x000000008b900000|  0%| F|  |TAMS 0x000000008b800000, 0x000000008b800000| Untracked 
| 185|0x000000008b900000, 0x000000008b900000, 0x000000008ba00000|  0%| F|  |TAMS 0x000000008b900000, 0x000000008b900000| Untracked 
| 186|0x000000008ba00000, 0x000000008ba00000, 0x000000008bb00000|  0%| F|  |TAMS 0x000000008ba00000, 0x000000008ba00000| Untracked 
| 187|0x000000008bb00000, 0x000000008bb00000, 0x000000008bc00000|  0%| F|  |TAMS 0x000000008bb00000, 0x000000008bb00000| Untracked 
| 188|0x000000008bc00000, 0x000000008bc00000, 0x000000008bd00000|  0%| F|  |TAMS 0x000000008bc00000, 0x000000008bc00000| Untracked 
| 189|0x000000008bd00000, 0x000000008bd00000, 0x000000008be00000|  0%| F|  |TAMS 0x000000008bd00000, 0x000000008bd00000| Untracked 
| 190|0x000000008be00000, 0x000000008be00000, 0x000000008bf00000|  0%| F|  |TAMS 0x000000008be00000, 0x000000008be00000| Untracked 
| 191|0x000000008bf00000, 0x000000008bf00000, 0x000000008c000000|  0%| F|  |TAMS 0x000000008bf00000, 0x000000008bf00000| Untracked 
| 192|0x000000008c000000, 0x000000008c000000, 0x000000008c100000|  0%| F|  |TAMS 0x000000008c000000, 0x000000008c000000| Untracked 
| 193|0x000000008c100000, 0x000000008c100000, 0x000000008c200000|  0%| F|  |TAMS 0x000000008c100000, 0x000000008c100000| Untracked 
| 194|0x000000008c200000, 0x000000008c200000, 0x000000008c300000|  0%| F|  |TAMS 0x000000008c200000, 0x000000008c200000| Untracked 
| 195|0x000000008c300000, 0x000000008c300000, 0x000000008c400000|  0%| F|  |TAMS 0x000000008c300000, 0x000000008c300000| Untracked 
| 196|0x000000008c400000, 0x000000008c400000, 0x000000008c500000|  0%| F|  |TAMS 0x000000008c400000, 0x000000008c400000| Untracked 
| 197|0x000000008c500000, 0x000000008c500000, 0x000000008c600000|  0%| F|  |TAMS 0x000000008c500000, 0x000000008c500000| Untracked 
| 198|0x000000008c600000, 0x000000008c600000, 0x000000008c700000|  0%| F|  |TAMS 0x000000008c600000, 0x000000008c600000| Untracked 
| 199|0x000000008c700000, 0x000000008c700000, 0x000000008c800000|  0%| F|  |TAMS 0x000000008c700000, 0x000000008c700000| Untracked 
| 200|0x000000008c800000, 0x000000008c800000, 0x000000008c900000|  0%| F|  |TAMS 0x000000008c800000, 0x000000008c800000| Untracked 
| 201|0x000000008c900000, 0x000000008c900000, 0x000000008ca00000|  0%| F|  |TAMS 0x000000008c900000, 0x000000008c900000| Untracked 
| 202|0x000000008ca00000, 0x000000008ca00000, 0x000000008cb00000|  0%| F|  |TAMS 0x000000008ca00000, 0x000000008ca00000| Untracked 
| 203|0x000000008cb00000, 0x000000008cb00000, 0x000000008cc00000|  0%| F|  |TAMS 0x000000008cb00000, 0x000000008cb00000| Untracked 
| 204|0x000000008cc00000, 0x000000008cc00000, 0x000000008cd00000|  0%| F|  |TAMS 0x000000008cc00000, 0x000000008cc00000| Untracked 
| 205|0x000000008cd00000, 0x000000008cd00000, 0x000000008ce00000|  0%| F|  |TAMS 0x000000008cd00000, 0x000000008cd00000| Untracked 
| 206|0x000000008ce00000, 0x000000008ce00000, 0x000000008cf00000|  0%| F|  |TAMS 0x000000008ce00000, 0x000000008ce00000| Untracked 
| 207|0x000000008cf00000, 0x000000008cf00000, 0x000000008d000000|  0%| F|  |TAMS 0x000000008cf00000, 0x000000008cf00000| Untracked 
| 208|0x000000008d000000, 0x000000008d000000, 0x000000008d100000|  0%| F|  |TAMS 0x000000008d000000, 0x000000008d000000| Untracked 
| 209|0x000000008d100000, 0x000000008d100000, 0x000000008d200000|  0%| F|  |TAMS 0x000000008d100000, 0x000000008d100000| Untracked 
| 210|0x000000008d200000, 0x000000008d200000, 0x000000008d300000|  0%| F|  |TAMS 0x000000008d200000, 0x000000008d200000| Untracked 
| 211|0x000000008d300000, 0x000000008d300000, 0x000000008d400000|  0%| F|  |TAMS 0x000000008d300000, 0x000000008d300000| Untracked 
| 212|0x000000008d400000, 0x000000008d400000, 0x000000008d500000|  0%| F|  |TAMS 0x000000008d400000, 0x000000008d400000| Untracked 
| 213|0x000000008d500000, 0x000000008d500000, 0x000000008d600000|  0%| F|  |TAMS 0x000000008d500000, 0x000000008d500000| Untracked 
| 214|0x000000008d600000, 0x000000008d600000, 0x000000008d700000|  0%| F|  |TAMS 0x000000008d600000, 0x000000008d600000| Untracked 
| 215|0x000000008d700000, 0x000000008d700000, 0x000000008d800000|  0%| F|  |TAMS 0x000000008d700000, 0x000000008d700000| Untracked 
| 216|0x000000008d800000, 0x000000008d800000, 0x000000008d900000|  0%| F|  |TAMS 0x000000008d800000, 0x000000008d800000| Untracked 
| 217|0x000000008d900000, 0x000000008d900000, 0x000000008da00000|  0%| F|  |TAMS 0x000000008d900000, 0x000000008d900000| Untracked 
| 218|0x000000008da00000, 0x000000008da00000, 0x000000008db00000|  0%| F|  |TAMS 0x000000008da00000, 0x000000008da00000| Untracked 
| 219|0x000000008db00000, 0x000000008db00000, 0x000000008dc00000|  0%| F|  |TAMS 0x000000008db00000, 0x000000008db00000| Untracked 
| 220|0x000000008dc00000, 0x000000008dc00000, 0x000000008dd00000|  0%| F|  |TAMS 0x000000008dc00000, 0x000000008dc00000| Untracked 
| 221|0x000000008dd00000, 0x000000008dd00000, 0x000000008de00000|  0%| F|  |TAMS 0x000000008dd00000, 0x000000008dd00000| Untracked 
| 222|0x000000008de00000, 0x000000008de00000, 0x000000008df00000|  0%| F|  |TAMS 0x000000008de00000, 0x000000008de00000| Untracked 
| 223|0x000000008df00000, 0x000000008df00000, 0x000000008e000000|  0%| F|  |TAMS 0x000000008df00000, 0x000000008df00000| Untracked 
| 224|0x000000008e000000, 0x000000008e000000, 0x000000008e100000|  0%| F|  |TAMS 0x000000008e000000, 0x000000008e000000| Untracked 
| 225|0x000000008e100000, 0x000000008e100000, 0x000000008e200000|  0%| F|  |TAMS 0x000000008e100000, 0x000000008e100000| Untracked 
| 226|0x000000008e200000, 0x000000008e208018, 0x000000008e300000|  3%| S|CS|TAMS 0x000000008e200000, 0x000000008e200000| Complete 
| 227|0x000000008e300000, 0x000000008e400000, 0x000000008e400000|100%| S|CS|TAMS 0x000000008e300000, 0x000000008e300000| Complete 
| 228|0x000000008e400000, 0x000000008e500000, 0x000000008e500000|100%| S|CS|TAMS 0x000000008e400000, 0x000000008e400000| Complete 
| 229|0x000000008e500000, 0x000000008e600000, 0x000000008e600000|100%| S|CS|TAMS 0x000000008e500000, 0x000000008e500000| Complete 
| 230|0x000000008e600000, 0x000000008e700000, 0x000000008e700000|100%| S|CS|TAMS 0x000000008e600000, 0x000000008e600000| Complete 
| 231|0x000000008e700000, 0x000000008e700000, 0x000000008e800000|  0%| F|  |TAMS 0x000000008e700000, 0x000000008e700000| Untracked 
| 232|0x000000008e800000, 0x000000008e800000, 0x000000008e900000|  0%| F|  |TAMS 0x000000008e800000, 0x000000008e800000| Untracked 
| 233|0x000000008e900000, 0x000000008e900000, 0x000000008ea00000|  0%| F|  |TAMS 0x000000008e900000, 0x000000008e900000| Untracked 
| 234|0x000000008ea00000, 0x000000008ea00000, 0x000000008eb00000|  0%| F|  |TAMS 0x000000008ea00000, 0x000000008ea00000| Untracked 
| 235|0x000000008eb00000, 0x000000008eb00000, 0x000000008ec00000|  0%| F|  |TAMS 0x000000008eb00000, 0x000000008eb00000| Untracked 
| 236|0x000000008ec00000, 0x000000008ec00000, 0x000000008ed00000|  0%| F|  |TAMS 0x000000008ec00000, 0x000000008ec00000| Untracked 
| 237|0x000000008ed00000, 0x000000008ed00000, 0x000000008ee00000|  0%| F|  |TAMS 0x000000008ed00000, 0x000000008ed00000| Untracked 
| 238|0x000000008ee00000, 0x000000008ee00000, 0x000000008ef00000|  0%| F|  |TAMS 0x000000008ee00000, 0x000000008ee00000| Untracked 
| 239|0x000000008ef00000, 0x000000008ef00000, 0x000000008f000000|  0%| F|  |TAMS 0x000000008ef00000, 0x000000008ef00000| Untracked 
| 240|0x000000008f000000, 0x000000008f000000, 0x000000008f100000|  0%| F|  |TAMS 0x000000008f000000, 0x000000008f000000| Untracked 
| 241|0x000000008f100000, 0x000000008f100000, 0x000000008f200000|  0%| F|  |TAMS 0x000000008f100000, 0x000000008f100000| Untracked 
| 242|0x000000008f200000, 0x000000008f200000, 0x000000008f300000|  0%| F|  |TAMS 0x000000008f200000, 0x000000008f200000| Untracked 
| 243|0x000000008f300000, 0x000000008f300000, 0x000000008f400000|  0%| F|  |TAMS 0x000000008f300000, 0x000000008f300000| Untracked 
| 244|0x000000008f400000, 0x000000008f400000, 0x000000008f500000|  0%| F|  |TAMS 0x000000008f400000, 0x000000008f400000| Untracked 
| 245|0x000000008f500000, 0x000000008f500000, 0x000000008f600000|  0%| F|  |TAMS 0x000000008f500000, 0x000000008f500000| Untracked 
| 246|0x000000008f600000, 0x000000008f600000, 0x000000008f700000|  0%| F|  |TAMS 0x000000008f600000, 0x000000008f600000| Untracked 
| 247|0x000000008f700000, 0x000000008f700000, 0x000000008f800000|  0%| F|  |TAMS 0x000000008f700000, 0x000000008f700000| Untracked 
| 248|0x000000008f800000, 0x000000008f800000, 0x000000008f900000|  0%| F|  |TAMS 0x000000008f800000, 0x000000008f800000| Untracked 
| 249|0x000000008f900000, 0x000000008f900000, 0x000000008fa00000|  0%| F|  |TAMS 0x000000008f900000, 0x000000008f900000| Untracked 
| 250|0x000000008fa00000, 0x000000008fa00000, 0x000000008fb00000|  0%| F|  |TAMS 0x000000008fa00000, 0x000000008fa00000| Untracked 
| 251|0x000000008fb00000, 0x000000008fb00000, 0x000000008fc00000|  0%| F|  |TAMS 0x000000008fb00000, 0x000000008fb00000| Untracked 
| 252|0x000000008fc00000, 0x000000008fc00000, 0x000000008fd00000|  0%| F|  |TAMS 0x000000008fc00000, 0x000000008fc00000| Untracked 
| 253|0x000000008fd00000, 0x000000008fd00000, 0x000000008fe00000|  0%| F|  |TAMS 0x000000008fd00000, 0x000000008fd00000| Untracked 
| 254|0x000000008fe00000, 0x000000008fe00000, 0x000000008ff00000|  0%| F|  |TAMS 0x000000008fe00000, 0x000000008fe00000| Untracked 
| 255|0x000000008ff00000, 0x000000008ff00000, 0x0000000090000000|  0%| F|  |TAMS 0x000000008ff00000, 0x000000008ff00000| Untracked 
| 256|0x0000000090000000, 0x0000000090000000, 0x0000000090100000|  0%| F|  |TAMS 0x0000000090000000, 0x0000000090000000| Untracked 
| 257|0x0000000090100000, 0x0000000090100000, 0x0000000090200000|  0%| F|  |TAMS 0x0000000090100000, 0x0000000090100000| Untracked 
| 258|0x0000000090200000, 0x0000000090200000, 0x0000000090300000|  0%| F|  |TAMS 0x0000000090200000, 0x0000000090200000| Untracked 
| 259|0x0000000090300000, 0x0000000090300000, 0x0000000090400000|  0%| F|  |TAMS 0x0000000090300000, 0x0000000090300000| Untracked 
| 260|0x0000000090400000, 0x0000000090400000, 0x0000000090500000|  0%| F|  |TAMS 0x0000000090400000, 0x0000000090400000| Untracked 
| 261|0x0000000090500000, 0x0000000090500000, 0x0000000090600000|  0%| F|  |TAMS 0x0000000090500000, 0x0000000090500000| Untracked 
| 262|0x0000000090600000, 0x0000000090600000, 0x0000000090700000|  0%| F|  |TAMS 0x0000000090600000, 0x0000000090600000| Untracked 
| 263|0x0000000090700000, 0x0000000090700000, 0x0000000090800000|  0%| F|  |TAMS 0x0000000090700000, 0x0000000090700000| Untracked 
| 264|0x0000000090800000, 0x0000000090800000, 0x0000000090900000|  0%| F|  |TAMS 0x0000000090800000, 0x0000000090800000| Untracked 
| 265|0x0000000090900000, 0x0000000090900000, 0x0000000090a00000|  0%| F|  |TAMS 0x0000000090900000, 0x0000000090900000| Untracked 
| 266|0x0000000090a00000, 0x0000000090a00000, 0x0000000090b00000|  0%| F|  |TAMS 0x0000000090a00000, 0x0000000090a00000| Untracked 
| 267|0x0000000090b00000, 0x0000000090b00000, 0x0000000090c00000|  0%| F|  |TAMS 0x0000000090b00000, 0x0000000090b00000| Untracked 
| 268|0x0000000090c00000, 0x0000000090c847c0, 0x0000000090d00000| 51%| E|  |TAMS 0x0000000090c00000, 0x0000000090c00000| Complete 

Card table byte_map: [0x0000019674e00000,0x0000019675200000] _byte_map_base: 0x0000019674a00000

Marking Bits (Prev, Next): (CMBitMap*) 0x0000019661c21040, (CMBitMap*) 0x0000019661c21008
 Prev Bits: [0x0000019677600000, 0x0000019679600000)
 Next Bits: [0x0000019675600000, 0x0000019677600000)

Polling page: 0x000001965fad0000

Metaspace:

Usage:
  Non-class:    102.26 MB capacity,   100.10 MB ( 98%) used,     1.79 MB (  2%) free+waste,   380.00 KB ( <1%) overhead. 
      Class:     15.96 MB capacity,    14.76 MB ( 92%) used,     1.03 MB (  6%) free+waste,   172.00 KB (  1%) overhead. 
       Both:    118.22 MB capacity,   114.86 MB ( 97%) used,     2.82 MB (  2%) free+waste,   552.00 KB ( <1%) overhead. 

Virtual space:
  Non-class space:      104.00 MB reserved,     102.50 MB ( 99%) committed 
      Class space:        1.00 GB reserved,      16.00 MB (  2%) committed 
             Both:        1.10 GB reserved,     118.50 MB ( 11%) committed 

Chunk freelists:
   Non-Class:  0 bytes
       Class:  8.00 KB
        Both:  8.00 KB

MaxMetaspaceSize: 17179869184.00 GB
CompressedClassSpaceSize: 1.00 GB

CodeHeap 'non-profiled nmethods': size=120000Kb used=11799Kb max_used=11799Kb free=108201Kb
 bounds [0x000001966d1a0000, 0x000001966dd30000, 0x00000196746d0000]
CodeHeap 'profiled nmethods': size=120000Kb used=37119Kb max_used=37119Kb free=82880Kb
 bounds [0x0000019665c70000, 0x00000196680b0000, 0x000001966d1a0000]
CodeHeap 'non-nmethods': size=5760Kb used=2384Kb max_used=2426Kb free=3375Kb
 bounds [0x00000196656d0000, 0x0000019665940000, 0x0000019665c70000]
 total_blobs=17686 nmethods=16695 adapters=898
 compilation: enabled
              stopped_count=0, restarted_count=0
 full_count=0

Compilation events (20 events):
Event: 1512.650 Thread 0x000001967c8fd800 16929       3       com.android.tools.r8.internal.Rz::a (109 bytes)
Event: 1512.650 Thread 0x000001967c8fd800 nmethod 16929 0x00000196680ac910 code [0x00000196680acb00, 0x00000196680acfe8]
Event: 1512.705 Thread 0x000001967c8fd800 16933       2       com.android.tools.r8.internal.Uu$$Lambda$1844/0x0000000100bed840::applyAsInt (12 bytes)
Event: 1512.705 Thread 0x000001967c8fd800 nmethod 16933 0x00000196680ad290 code [0x00000196680ad440, 0x00000196680ad588]
Event: 1512.705 Thread 0x000001967c8fd800 16934       2       com.android.tools.r8.internal.m8::a (24 bytes)
Event: 1512.706 Thread 0x000001967c8fd800 nmethod 16934 0x00000196680ad690 code [0x00000196680ad860, 0x00000196680ad9f8]
Event: 1512.750 Thread 0x000001967c8fd800 16948 %     3       com.android.tools.r8.internal.Nz::a @ 73 (109 bytes)
Event: 1512.751 Thread 0x000001967c8fd800 nmethod 16948% 0x00000196680adb10 code [0x00000196680add20, 0x00000196680ae288]
Event: 1512.751 Thread 0x000001967c8fd800 16949       3       com.android.tools.r8.internal.Nz::a (109 bytes)
Event: 1512.752 Thread 0x000001967c8fd800 nmethod 16949 0x00000196680ae510 code [0x00000196680ae700, 0x00000196680aebe8]
Event: 1512.873 Thread 0x0000019606b7f000 nmethod 16895 0x000001966dd1c010 code [0x000001966dd1c320, 0x000001966dd202e0]
Event: 1512.873 Thread 0x0000019606b7f000 16905       4       com.android.tools.r8.graph.c0::a (158 bytes)
Event: 1512.887 Thread 0x0000019606b7f000 nmethod 16905 0x000001966dd21f90 code [0x000001966dd22140, 0x000001966dd225b8]
Event: 1512.887 Thread 0x0000019606b7f000 16936       4       com.android.tools.r8.internal.h8::a (101 bytes)
Event: 1512.892 Thread 0x0000019606b7f000 nmethod 16936 0x000001966dd22790 code [0x000001966dd22960, 0x000001966dd22c98]
Event: 1512.892 Thread 0x0000019606b7f000 16911       4       com.android.tools.r8.graph.d0::a (10 bytes)
Event: 1512.938 Thread 0x0000019606b7f000 nmethod 16911 0x000001966dd23010 code [0x000001966dd23200, 0x000001966dd23c58]
Event: 1512.938 Thread 0x0000019606b7f000 16945       4       com.android.tools.r8.internal.i8::a (80 bytes)
Event: 1512.938 Thread 0x000001967c8fd800 16951       2       com.android.tools.r8.graph.d0::a (10 bytes)
Event: 1512.938 Thread 0x000001967c8fd800 nmethod 16951 0x00000196680aee90 code [0x00000196680af040, 0x00000196680af1a8]

GC Heap History (20 events):
Event: 1507.454 GC heap before
{Heap before GC invocations=25 (full 0):
 garbage-first heap   total 229376K, used 141490K [0x0000000080000000, 0x0000000100000000)
  region size 1024K, 11 young (11264K), 7 survivors (7168K)
 Metaspace       used 112014K, capacity 115217K, committed 115968K, reserved 1148928K
  class space    used 14210K, capacity 15347K, committed 15616K, reserved 1048576K
}
Event: 1507.463 GC heap after
{Heap after GC invocations=26 (full 0):
 garbage-first heap   total 229376K, used 128461K [0x0000000080000000, 0x0000000100000000)
  region size 1024K, 2 young (2048K), 2 survivors (2048K)
 Metaspace       used 112014K, capacity 115217K, committed 115968K, reserved 1148928K
  class space    used 14210K, capacity 15347K, committed 15616K, reserved 1048576K
}
Event: 1507.468 GC heap before
{Heap before GC invocations=26 (full 0):
 garbage-first heap   total 229376K, used 129485K [0x0000000080000000, 0x0000000100000000)
  region size 1024K, 4 young (4096K), 2 survivors (2048K)
 Metaspace       used 112014K, capacity 115217K, committed 115968K, reserved 1148928K
  class space    used 14210K, capacity 15347K, committed 15616K, reserved 1048576K
}
Event: 1507.475 GC heap after
{Heap after GC invocations=27 (full 0):
 garbage-first heap   total 229376K, used 128757K [0x0000000080000000, 0x0000000100000000)
  region size 1024K, 3 young (3072K), 3 survivors (3072K)
 Metaspace       used 112014K, capacity 115217K, committed 115968K, reserved 1148928K
  class space    used 14210K, capacity 15347K, committed 15616K, reserved 1048576K
}
Event: 1508.142 GC heap before
{Heap before GC invocations=28 (full 0):
 garbage-first heap   total 229376K, used 165621K [0x0000000080000000, 0x0000000100000000)
  region size 1024K, 38 young (38912K), 3 survivors (3072K)
 Metaspace       used 112385K, capacity 115565K, committed 116224K, reserved 1150976K
  class space    used 14243K, capacity 15388K, committed 15616K, reserved 1048576K
}
Event: 1508.160 GC heap after
{Heap after GC invocations=29 (full 0):
 garbage-first heap   total 229376K, used 139582K [0x0000000080000000, 0x0000000100000000)
  region size 1024K, 5 young (5120K), 5 survivors (5120K)
 Metaspace       used 112385K, capacity 115565K, committed 116224K, reserved 1150976K
  class space    used 14243K, capacity 15388K, committed 15616K, reserved 1048576K
}
Event: 1508.936 GC heap before
{Heap before GC invocations=29 (full 0):
 garbage-first heap   total 229376K, used 170302K [0x0000000080000000, 0x0000000100000000)
  region size 1024K, 36 young (36864K), 5 survivors (5120K)
 Metaspace       used 115003K, capacity 118289K, committed 118528K, reserved 1150976K
  class space    used 14769K, capacity 15936K, committed 16128K, reserved 1048576K
}
Event: 1508.964 GC heap after
{Heap after GC invocations=30 (full 0):
 garbage-first heap   total 229376K, used 151019K [0x0000000080000000, 0x0000000100000000)
  region size 1024K, 5 young (5120K), 5 survivors (5120K)
 Metaspace       used 115003K, capacity 118289K, committed 118528K, reserved 1150976K
  class space    used 14769K, capacity 15936K, committed 16128K, reserved 1048576K
}
Event: 1509.204 GC heap before
{Heap before GC invocations=30 (full 0):
 garbage-first heap   total 229376K, used 177643K [0x0000000080000000, 0x0000000100000000)
  region size 1024K, 31 young (31744K), 5 survivors (5120K)
 Metaspace       used 115024K, capacity 118292K, committed 118528K, reserved 1150976K
  class space    used 14770K, capacity 15937K, committed 16128K, reserved 1048576K
}
Event: 1509.227 GC heap after
{Heap after GC invocations=31 (full 0):
 garbage-first heap   total 229376K, used 165423K [0x0000000080000000, 0x0000000100000000)
  region size 1024K, 4 young (4096K), 4 survivors (4096K)
 Metaspace       used 115024K, capacity 118292K, committed 118528K, reserved 1150976K
  class space    used 14770K, capacity 15937K, committed 16128K, reserved 1048576K
}
Event: 1509.839 GC heap before
{Heap before GC invocations=32 (full 0):
 garbage-first heap   total 229376K, used 182831K [0x0000000080000000, 0x0000000100000000)
  region size 1024K, 22 young (22528K), 4 survivors (4096K)
 Metaspace       used 116161K, capacity 119448K, committed 119680K, reserved 1153024K
  class space    used 14920K, capacity 16084K, committed 16256K, reserved 1048576K
}
Event: 1509.852 GC heap after
{Heap after GC invocations=33 (full 0):
 garbage-first heap   total 229376K, used 172998K [0x0000000080000000, 0x0000000100000000)
  region size 1024K, 3 young (3072K), 3 survivors (3072K)
 Metaspace       used 116161K, capacity 119448K, committed 119680K, reserved 1153024K
  class space    used 14920K, capacity 16084K, committed 16256K, reserved 1048576K
}
Event: 1509.997 GC heap before
{Heap before GC invocations=33 (full 0):
 garbage-first heap   total 229376K, used 181190K [0x0000000080000000, 0x0000000100000000)
  region size 1024K, 11 young (11264K), 3 survivors (3072K)
 Metaspace       used 116378K, capacity 119697K, committed 119936K, reserved 1153024K
  class space    used 14953K, capacity 16142K, committed 16256K, reserved 1048576K
}
Event: 1510.007 GC heap after
{Heap after GC invocations=34 (full 0):
 garbage-first heap   total 229376K, used 174313K [0x0000000080000000, 0x0000000100000000)
  region size 1024K, 2 young (2048K), 2 survivors (2048K)
 Metaspace       used 116378K, capacity 119697K, committed 119936K, reserved 1153024K
  class space    used 14953K, capacity 16142K, committed 16256K, reserved 1048576K
}
Event: 1510.448 GC heap before
{Heap before GC invocations=34 (full 0):
 garbage-first heap   total 229376K, used 187625K [0x0000000080000000, 0x0000000100000000)
  region size 1024K, 16 young (16384K), 2 survivors (2048K)
 Metaspace       used 116898K, capacity 120384K, committed 120576K, reserved 1153024K
  class space    used 15044K, capacity 16286K, committed 16384K, reserved 1048576K
}
Event: 1510.460 GC heap after
{Heap after GC invocations=35 (full 0):
 garbage-first heap   total 229376K, used 175686K [0x0000000080000000, 0x0000000100000000)
  region size 1024K, 2 young (2048K), 2 survivors (2048K)
 Metaspace       used 116898K, capacity 120384K, committed 120576K, reserved 1153024K
  class space    used 15044K, capacity 16286K, committed 16384K, reserved 1048576K
}
Event: 1510.896 GC heap before
{Heap before GC invocations=36 (full 0):
 garbage-first heap   total 229376K, used 185926K [0x0000000080000000, 0x0000000100000000)
  region size 1024K, 17 young (17408K), 2 survivors (2048K)
 Metaspace       used 117302K, capacity 120788K, committed 121088K, reserved 1155072K
  class space    used 15085K, capacity 16325K, committed 16384K, reserved 1048576K
}
Event: 1510.906 GC heap after
{Heap after GC invocations=37 (full 0):
 garbage-first heap   total 229376K, used 172029K [0x0000000080000000, 0x0000000100000000)
  region size 1024K, 3 young (3072K), 3 survivors (3072K)
 Metaspace       used 117302K, capacity 120788K, committed 121088K, reserved 1155072K
  class space    used 15085K, capacity 16325K, committed 16384K, reserved 1048576K
}
Event: 1511.137 GC heap before
{Heap before GC invocations=37 (full 0):
 garbage-first heap   total 229376K, used 180221K [0x0000000080000000, 0x0000000100000000)
  region size 1024K, 11 young (11264K), 3 survivors (3072K)
 Metaspace       used 117354K, capacity 120796K, committed 121088K, reserved 1155072K
  class space    used 15085K, capacity 16325K, committed 16384K, reserved 1048576K
}
Event: 1511.158 GC heap after
{Heap after GC invocations=38 (full 0):
 garbage-first heap   total 275456K, used 165762K [0x0000000080000000, 0x0000000100000000)
  region size 1024K, 2 young (2048K), 2 survivors (2048K)
 Metaspace       used 117354K, capacity 120796K, committed 121088K, reserved 1155072K
  class space    used 15085K, capacity 16325K, committed 16384K, reserved 1048576K
}

Deoptimization events (20 events):
Event: 1512.353 Thread 0x0000019601f21800 Uncommon trap: trap_request=0xffffff4d fr.pc=0x000001966dcba688 relative=0x00000000000002c8
Event: 1512.368 Thread 0x0000019601f21800 Uncommon trap: reason=unstable_if action=reinterpret pc=0x000001966dcba688 method=com.android.tools.r8.graph.c0.a(Lcom/android/tools/r8/graph/c0;)I @ 60 c2
Event: 1512.368 Thread 0x0000019601f21800 DEOPT PACKING pc=0x000001966dcba688 sp=0x00000015b68fe750
Event: 1512.368 Thread 0x0000019601f21800 DEOPT UNPACKING pc=0x00000196656f78af sp=0x00000015b68fe6d8 mode 2
Event: 1512.938 Thread 0x0000019601f21800 Uncommon trap: trap_request=0xffffffc6 fr.pc=0x000001966dd23940 relative=0x0000000000000740
Event: 1512.938 Thread 0x0000019601f21800 Uncommon trap: reason=bimorphic_or_optimized_type_check action=maybe_recompile pc=0x000001966dd23940 method=com.android.tools.r8.graph.d0.a(Lcom/android/tools/r8/internal/EE;Lcom/android/tools/r8/internal/f8;)I @ 6 c2
Event: 1512.938 Thread 0x0000019601f21800 DEOPT PACKING pc=0x000001966dd23940 sp=0x00000015b68fe600
Event: 1512.938 Thread 0x0000019601f21800 DEOPT UNPACKING pc=0x00000196656f78af sp=0x00000015b68fe5a8 mode 2
Event: 1512.938 Thread 0x0000019601f21800 Uncommon trap: trap_request=0xffffffc6 fr.pc=0x000001966dd23940 relative=0x0000000000000740
Event: 1512.938 Thread 0x0000019601f21800 Uncommon trap: reason=bimorphic_or_optimized_type_check action=maybe_recompile pc=0x000001966dd23940 method=com.android.tools.r8.graph.d0.a(Lcom/android/tools/r8/internal/EE;Lcom/android/tools/r8/internal/f8;)I @ 6 c2
Event: 1512.938 Thread 0x0000019601f21800 DEOPT PACKING pc=0x000001966dd23940 sp=0x00000015b68fe600
Event: 1512.938 Thread 0x0000019601f21800 DEOPT UNPACKING pc=0x00000196656f78af sp=0x00000015b68fe5a8 mode 2
Event: 1512.938 Thread 0x0000019601f21800 Uncommon trap: trap_request=0xffffffc6 fr.pc=0x000001966dd23940 relative=0x0000000000000740
Event: 1512.938 Thread 0x0000019601f21800 Uncommon trap: reason=bimorphic_or_optimized_type_check action=maybe_recompile pc=0x000001966dd23940 method=com.android.tools.r8.graph.d0.a(Lcom/android/tools/r8/internal/EE;Lcom/android/tools/r8/internal/f8;)I @ 6 c2
Event: 1512.938 Thread 0x0000019601f21800 DEOPT PACKING pc=0x000001966dd23940 sp=0x00000015b68fe600
Event: 1512.938 Thread 0x0000019601f21800 DEOPT UNPACKING pc=0x00000196656f78af sp=0x00000015b68fe5a8 mode 2
Event: 1512.938 Thread 0x0000019601f21800 Uncommon trap: trap_request=0xffffffc6 fr.pc=0x000001966dd23940 relative=0x0000000000000740
Event: 1512.938 Thread 0x0000019601f21800 Uncommon trap: reason=bimorphic_or_optimized_type_check action=maybe_recompile pc=0x000001966dd23940 method=com.android.tools.r8.graph.d0.a(Lcom/android/tools/r8/internal/EE;Lcom/android/tools/r8/internal/f8;)I @ 6 c2
Event: 1512.938 Thread 0x0000019601f21800 DEOPT PACKING pc=0x000001966dd23940 sp=0x00000015b68fe310
Event: 1512.938 Thread 0x0000019601f21800 DEOPT UNPACKING pc=0x00000196656f78af sp=0x00000015b68fe2b8 mode 2

Classes redefined (0 events):
No events

Internal exceptions (20 events):
Event: 1508.164 Thread 0x0000019606b79800 Exception <a 'java/lang/NoSuchMethodError'{0x000000008df2a0a8}: <clinit>> (0x000000008df2a0a8) thrown at [./src/hotspot/share/prims/jni.cpp, line 1362]
Event: 1508.167 Thread 0x0000019606b79800 Exception <a 'java/lang/NoSuchMethodError'{0x000000008df93cd0}: <clinit>> (0x000000008df93cd0) thrown at [./src/hotspot/share/prims/jni.cpp, line 1362]
Event: 1508.277 Thread 0x0000019601f22800 Exception <a 'java/lang/IncompatibleClassChangeError'{0x000000008d5bb7a8}: Found class java.lang.Object, but interface was expected> (0x000000008d5bb7a8) thrown at [./src/hotspot/share/interpreter/linkResolver.cpp, line 839]
Event: 1508.348 Thread 0x0000019601f25800 Exception <a 'java/lang/NoSuchMethodError'{0x000000008d3979b0}: 'java.lang.Object java.lang.invoke.DirectMethodHandle$Holder.newInvokeSpecial(java.lang.Object, int)'> (0x000000008d3979b0) thrown at [./src/hotspot/share/interpreter/linkResolver.cpp, line 773]
Event: 1508.474 Thread 0x0000019602262800 Exception <a 'java/lang/NoSuchMethodError'{0x000000008d48f850}: 'void java.lang.invoke.DirectMethodHandle$Holder.invokeStatic(java.lang.Object, long)'> (0x000000008d48f850) thrown at [./src/hotspot/share/interpreter/linkResolver.cpp, line 773]
Event: 1508.475 Thread 0x0000019602262800 Exception <a 'java/lang/NoSuchMethodError'{0x000000008d2c45f0}: 'java.lang.Object java.lang.invoke.DirectMethodHandle$Holder.invokeStatic(java.lang.Object, long)'> (0x000000008d2c45f0) thrown at [./src/hotspot/share/interpreter/linkResolver.cpp, line 773]
Event: 1508.481 Thread 0x0000019602262800 Exception <a 'java/lang/NoSuchMethodError'{0x000000008d2e4a38}: 'java.lang.Object java.lang.invoke.DirectMethodHandle$Holder.invokeStaticInit(java.lang.Object, java.lang.Object, long, java.lang.Object)'> (0x000000008d2e4a38) thrown at [./src/hotspot/share/interpreter/linkResolver.cpp, line 773]
Event: 1508.482 Thread 0x0000019602262800 Exception <a 'java/lang/NoSuchMethodError'{0x000000008d2f2d88}: 'java.lang.Object java.lang.invoke.DirectMethodHandle$Holder.invokeStatic(java.lang.Object, java.lang.Object, long)'> (0x000000008d2f2d88) thrown at [./src/hotspot/share/interpreter/linkResolver.cpp, line 773]
Event: 1508.484 Thread 0x0000019602262800 Exception <a 'java/lang/NoSuchMethodError'{0x000000008d2f9a58}: 'java.lang.Object java.lang.invoke.Invokers$Holder.linkToTargetMethod(java.lang.Object, long, java.lang.Object)'> (0x000000008d2f9a58) thrown at [./src/hotspot/share/interpreter/linkResolver.cpp, line 773]
Event: 1508.625 Thread 0x0000019601f22800 Exception <a 'java/lang/IncompatibleClassChangeError'{0x000000008cf3e280}: Found class java.lang.Object, but interface was expected> (0x000000008cf3e280) thrown at [./src/hotspot/share/interpreter/linkResolver.cpp, line 839]
Event: 1508.626 Thread 0x0000019601f22800 Exception <a 'java/lang/IncompatibleClassChangeError'{0x000000008cf4d090}: Found class java.lang.Object, but interface was expected> (0x000000008cf4d090) thrown at [./src/hotspot/share/interpreter/linkResolver.cpp, line 839]
Event: 1508.626 Thread 0x0000019601f20000 Exception <a 'java/lang/IncompatibleClassChangeError'{0x000000008cf2ba18}: Found class java.lang.Object, but interface was expected> (0x000000008cf2ba18) thrown at [./src/hotspot/share/interpreter/linkResolver.cpp, line 839]
Event: 1509.582 Thread 0x0000019606b78800 Exception <a 'java/lang/NoSuchMethodError'{0x000000008d001098}: 'void java.lang.invoke.DirectMethodHandle$Holder.invokeStatic(java.lang.Object, java.lang.Object, java.lang.Object, int)'> (0x000000008d001098) thrown at [./src/hotspot/share/interpreter/linkResolver.cpp, line 773]
Event: 1509.584 Thread 0x0000019606b78800 Exception <a 'java/lang/IncompatibleClassChangeError'{0x000000008d008ce0}: Found class java.lang.Object, but interface was expected> (0x000000008d008ce0) thrown at [./src/hotspot/share/interpreter/linkResolver.cpp, line 839]
Event: 1510.138 Thread 0x0000019606b78800 Exception <a 'java/lang/NoSuchMethodError'{0x000000008dbdc668}: 'java.lang.Object java.lang.invoke.Invokers$Holder.linkToTargetMethod(java.lang.Object, int, java.lang.Object, java.lang.Object, java.lang.Object, java.lang.Object)'> (0x000000008dbdc668) thrown at [./src/hotspot/share/interpreter/linkResolver.cpp, line 773]
Event: 1510.139 Thread 0x0000019606b78800 Exception <a 'java/lang/NoSuchMethodError'{0x000000008dbe0320}: 'void java.lang.invoke.DirectMethodHandle$Holder.invokeSpecial(java.lang.Object, java.lang.Object, java.lang.Object, java.lang.Object, java.lang.Object, java.lang.Object, java.lang.Object, java.lang.Object, java.lang.Object)'> (0x000000008dbe0320) thrown at [./src/hotspot/share/interpreter/linkResolver.cpp, line 773]
Event: 1510.148 Thread 0x0000019606b78800 Exception <a 'java/lang/IncompatibleClassChangeError'{0x000000008da0bcb0}: Found class java.lang.Object, but interface was expected> (0x000000008da0bcb0) thrown at [./src/hotspot/share/interpreter/linkResolver.cpp, line 839]
Event: 1510.247 Thread 0x0000019606b78800 Exception <a 'java/lang/NoSuchMethodError'{0x000000008d923e08}: 'int java.lang.invoke.DirectMethodHandle$Holder.invokeSpecial(java.lang.Object, java.lang.Object, java.lang.Object, java.lang.Object, java.lang.Object, java.lang.Object)'> (0x000000008d923e08) thrown at [./src/hotspot/share/interpreter/linkResolver.cpp, line 773]
Event: 1510.261 Thread 0x0000019606b78800 Exception <a 'java/lang/NoSuchMethodError'{0x000000008d94f3b8}: 'void java.lang.invoke.DirectMethodHandle$Holder.invokeStatic(java.lang.Object, java.lang.Object, java.lang.Object, java.lang.Object, java.lang.Object, java.lang.Object, java.lang.Object, java.lang.Object)'> (0x000000008d94f3b8) thrown at [./src/hotspot/share/interpreter/linkResolver.cpp, line 773]
Event: 1512.154 Thread 0x0000019606b78800 Exception <a 'java/lang/IncompatibleClassChangeError'{0x000000008f4f8a70}: Found class java.lang.Object, but interface was expected> (0x000000008f4f8a70) thrown at [./src/hotspot/share/interpreter/linkResolver.cpp, line 839]

Events (20 events):
Event: 1512.632 loading class com/android/tools/r8/graph/d0
Event: 1512.632 loading class com/android/tools/r8/graph/d0 done
Event: 1512.632 loading class com/android/tools/r8/internal/Nz
Event: 1512.632 loading class com/android/tools/r8/internal/Nz done
Event: 1512.632 loading class com/android/tools/r8/internal/Uu$b
Event: 1512.632 loading class com/android/tools/r8/internal/Uu$b done
Event: 1512.633 loading class java/util/IdentityHashMap$KeySpliterator
Event: 1512.633 loading class java/util/IdentityHashMap$IdentityHashMapSpliterator
Event: 1512.634 loading class java/util/IdentityHashMap$IdentityHashMapSpliterator done
Event: 1512.634 loading class java/util/IdentityHashMap$KeySpliterator done
Event: 1512.634 loading class com/android/tools/r8/internal/Uu$b
Event: 1512.634 loading class com/android/tools/r8/internal/Uu$b done
Event: 1512.634 loading class com/android/tools/r8/graph/Z
Event: 1512.634 loading class com/android/tools/r8/graph/Z done
Event: 1512.634 loading class com/android/tools/r8/internal/Uu$b
Event: 1512.634 loading class com/android/tools/r8/internal/Uu$b done
Event: 1512.699 loading class com/android/tools/r8/graph/a0
Event: 1512.699 loading class com/android/tools/r8/graph/a0 done
Event: 1512.699 loading class com/android/tools/r8/internal/Uu
Event: 1512.699 loading class com/android/tools/r8/internal/Uu done


Dynamic libraries:
0x00007ff6c84a0000 - 0x00007ff6c84aa000 	C:\Program Files\Android\Android Studio\jre\bin\java.exe
0x00007ff938850000 - 0x00007ff938a45000 	C:\WINDOWS\SYSTEM32\ntdll.dll
0x00007ff9368a0000 - 0x00007ff93695e000 	C:\WINDOWS\System32\KERNEL32.DLL
0x00007ff936440000 - 0x00007ff936708000 	C:\WINDOWS\System32\KERNELBASE.dll
0x00007ff9362f0000 - 0x00007ff9363f0000 	C:\WINDOWS\System32\ucrtbase.dll
0x00007ff92e780000 - 0x00007ff92e797000 	C:\Program Files\Android\Android Studio\jre\bin\VCRUNTIME140.dll
0x00007ff929630000 - 0x00007ff929649000 	C:\Program Files\Android\Android Studio\jre\bin\jli.dll
0x00007ff936a40000 - 0x00007ff936be1000 	C:\WINDOWS\System32\USER32.dll
0x00007ff9251a0000 - 0x00007ff92543a000 	C:\WINDOWS\WinSxS\amd64_microsoft.windows.common-controls_6595b64144ccf1df_6.0.19041.1110_none_60b5254171f9507e\COMCTL32.dll
0x00007ff936870000 - 0x00007ff936892000 	C:\WINDOWS\System32\win32u.dll
0x00007ff938680000 - 0x00007ff93871e000 	C:\WINDOWS\System32\msvcrt.dll
0x00007ff937660000 - 0x00007ff93768b000 	C:\WINDOWS\System32\GDI32.dll
0x00007ff935fd0000 - 0x00007ff9360db000 	C:\WINDOWS\System32\gdi32full.dll
0x00007ff9360e0000 - 0x00007ff93617d000 	C:\WINDOWS\System32\msvcp_win.dll
0x00007ff9382e0000 - 0x00007ff938310000 	C:\WINDOWS\System32\IMM32.DLL
0x00007ff915af0000 - 0x00007ff915b8d000 	C:\Program Files\Android\Android Studio\jre\bin\msvcp140.dll
0x00007ff8e6a90000 - 0x00007ff8e755f000 	C:\Program Files\Android\Android Studio\jre\bin\server\jvm.dll
0x00007ff936bf0000 - 0x00007ff936c9c000 	C:\WINDOWS\System32\ADVAPI32.dll
0x00007ff937f30000 - 0x00007ff937fcb000 	C:\WINDOWS\System32\sechost.dll
0x00007ff938180000 - 0x00007ff9382aa000 	C:\WINDOWS\System32\RPCRT4.dll
0x00007ff938720000 - 0x00007ff938728000 	C:\WINDOWS\System32\PSAPI.DLL
0x00007ff92c7a0000 - 0x00007ff92c7c7000 	C:\WINDOWS\SYSTEM32\WINMM.dll
0x00007ff92edf0000 - 0x00007ff92edfa000 	C:\WINDOWS\SYSTEM32\VERSION.dll
0x00007ff920780000 - 0x00007ff920789000 	C:\WINDOWS\SYSTEM32\WSOCK32.dll
0x00007ff938310000 - 0x00007ff93837b000 	C:\WINDOWS\System32\WS2_32.dll
0x00007ff933e30000 - 0x00007ff933e42000 	C:\WINDOWS\SYSTEM32\kernel.appcore.dll
0x00007ff931a30000 - 0x00007ff931a41000 	C:\Program Files\Android\Android Studio\jre\bin\verify.dll
0x00007ff923850000 - 0x00007ff923a34000 	C:\WINDOWS\SYSTEM32\DBGHELP.DLL
0x00007ff922b20000 - 0x00007ff922b4c000 	C:\WINDOWS\SYSTEM32\dbgcore.DLL
0x00007ff936260000 - 0x00007ff9362e3000 	C:\WINDOWS\System32\bcryptPrimitives.dll
0x00007ff9310d0000 - 0x00007ff9310f9000 	C:\Program Files\Android\Android Studio\jre\bin\java.dll
0x00007ff9319c0000 - 0x00007ff9319cb000 	C:\Program Files\Android\Android Studio\jre\bin\jimage.dll
0x00007ff930b80000 - 0x00007ff930b98000 	C:\Program Files\Android\Android Studio\jre\bin\zip.dll
0x00007ff936e70000 - 0x00007ff9375af000 	C:\WINDOWS\System32\SHELL32.dll
0x00007ff934030000 - 0x00007ff9347c0000 	C:\WINDOWS\SYSTEM32\windows.storage.dll
0x00007ff937bd0000 - 0x00007ff937f25000 	C:\WINDOWS\System32\combase.dll
0x00007ff9358f0000 - 0x00007ff93591e000 	C:\WINDOWS\SYSTEM32\Wldp.dll
0x00007ff9385d0000 - 0x00007ff93867d000 	C:\WINDOWS\System32\SHCORE.dll
0x00007ff9387b0000 - 0x00007ff938805000 	C:\WINDOWS\System32\shlwapi.dll
0x00007ff935eb0000 - 0x00007ff935ecf000 	C:\WINDOWS\SYSTEM32\profapi.dll
0x00007ff92efa0000 - 0x00007ff92efba000 	C:\Program Files\Android\Android Studio\jre\bin\net.dll
0x00007ff92f4d0000 - 0x00007ff92f5dc000 	C:\WINDOWS\SYSTEM32\WINHTTP.dll
0x00007ff935600000 - 0x00007ff93566a000 	C:\WINDOWS\system32\mswsock.dll
0x00007ff92ef80000 - 0x00007ff92ef94000 	C:\Program Files\Android\Android Studio\jre\bin\nio.dll
0x00007ff927cf0000 - 0x00007ff927d17000 	C:\Users\Tarek\.gradle\native\8bec1ad78214c89d9ad589b4d07fe93259594b29d510b10fafb7a158f7737e5d\windows-amd64\native-platform.dll
0x00007ff900130000 - 0x00007ff90026d000 	C:\Users\Tarek\.gradle\native\53dbd7edfb1c66fb8903c78663c9afc45aea4f116125fa6feffd364cf09443e8\windows-amd64\native-platform-file-events.dll
0x00007ff9311b0000 - 0x00007ff9311ba000 	C:\Program Files\Android\Android Studio\jre\bin\management.dll
0x00007ff9310c0000 - 0x00007ff9310cc000 	C:\Program Files\Android\Android Studio\jre\bin\management_ext.dll
0x00007ff9357e0000 - 0x00007ff9357f8000 	C:\WINDOWS\SYSTEM32\CRYPTSP.dll
0x00007ff934f90000 - 0x00007ff934fc4000 	C:\WINDOWS\system32\rsaenh.dll
0x00007ff936230000 - 0x00007ff936257000 	C:\WINDOWS\System32\bcrypt.dll
0x00007ff935e30000 - 0x00007ff935e5e000 	C:\WINDOWS\SYSTEM32\USERENV.dll
0x00007ff935800000 - 0x00007ff93580c000 	C:\WINDOWS\SYSTEM32\CRYPTBASE.dll
0x00007ff935310000 - 0x00007ff93534b000 	C:\WINDOWS\SYSTEM32\IPHLPAPI.DLL
0x00007ff9382d0000 - 0x00007ff9382d8000 	C:\WINDOWS\System32\NSI.dll
0x00007ff92edd0000 - 0x00007ff92ede7000 	C:\WINDOWS\SYSTEM32\dhcpcsvc6.DLL
0x00007ff92ee20000 - 0x00007ff92ee3d000 	C:\WINDOWS\SYSTEM32\dhcpcsvc.DLL
0x00007ff935350000 - 0x00007ff93541b000 	C:\WINDOWS\SYSTEM32\DNSAPI.dll
0x00007ff92ecd0000 - 0x00007ff92ecf7000 	C:\Program Files\Android\Android Studio\jre\bin\sunec.dll
0x00007ff927790000 - 0x00007ff92779a000 	C:\Windows\System32\rasadhlp.dll
0x00007ff92a830000 - 0x00007ff92a8af000 	C:\WINDOWS\System32\fwpuclnt.dll

dbghelp: loaded successfully - version: 4.0.5 - missing functions: none
symbol engine: initialized successfully - sym options: 0x614 - pdb path: .;C:\Program Files\Android\Android Studio\jre\bin;C:\WINDOWS\SYSTEM32;C:\WINDOWS\WinSxS\amd64_microsoft.windows.common-controls_6595b64144ccf1df_6.0.19041.1110_none_60b5254171f9507e;C:\Program Files\Android\Android Studio\jre\bin\server;C:\Users\Tarek\.gradle\native\8bec1ad78214c89d9ad589b4d07fe93259594b29d510b10fafb7a158f7737e5d\windows-amd64;C:\Users\Tarek\.gradle\native\53dbd7edfb1c66fb8903c78663c9afc45aea4f116125fa6feffd364cf09443e8\windows-amd64

VM Arguments:
jvm_args: --add-opens=java.base/java.util=ALL-UNNAMED --add-opens=java.base/java.lang=ALL-UNNAMED --add-opens=java.base/java.lang.invoke=ALL-UNNAMED --add-opens=java.base/java.util=ALL-UNNAMED --add-opens=java.prefs/java.util.prefs=ALL-UNNAMED --add-opens=java.prefs/java.util.prefs=ALL-UNNAMED --add-opens=java.base/java.nio.charset=ALL-UNNAMED --add-opens=java.base/java.net=ALL-UNNAMED --add-opens=java.base/java.util.concurrent.atomic=ALL-UNNAMED -Xmx2048m -Dfile.encoding=UTF-8 -Duser.country=US -Duser.language=en -Duser.variant 
java_command: org.gradle.launcher.daemon.bootstrap.GradleDaemon 7.0.2
java_class_path (initial): C:\Users\Tarek\.gradle\wrapper\dists\gradle-7.0.2-bin\857tjihv64xamwrf0h14cai3r\gradle-7.0.2\lib\gradle-launcher-7.0.2.jar
Launcher Type: SUN_STANDARD

[Global flags]
     intx CICompilerCount                          = 4                                         {product} {ergonomic}
     uint ConcGCThreads                            = 2                                         {product} {ergonomic}
     uint G1ConcRefinementThreads                  = 8                                         {product} {ergonomic}
   size_t G1HeapRegionSize                         = 1048576                                   {product} {ergonomic}
    uintx GCDrainStackTargetSize                   = 64                                        {product} {ergonomic}
   size_t InitialHeapSize                          = 234881024                                 {product} {ergonomic}
   size_t MarkStackSize                            = 4194304                                   {product} {ergonomic}
   size_t MaxHeapSize                              = 2147483648                                {product} {command line}
   size_t MaxNewSize                               = 1287651328                                {product} {ergonomic}
   size_t MinHeapDeltaBytes                        = 1048576                                   {product} {ergonomic}
    uintx NonNMethodCodeHeapSize                   = 5836300                                {pd product} {ergonomic}
    uintx NonProfiledCodeHeapSize                  = 122910970                              {pd product} {ergonomic}
    uintx ProfiledCodeHeapSize                     = 122910970                              {pd product} {ergonomic}
    uintx ReservedCodeCacheSize                    = 251658240                              {pd product} {ergonomic}
     bool SegmentedCodeCache                       = true                                      {product} {ergonomic}
     bool UseCompressedClassPointers               = true                                 {lp64_product} {ergonomic}
     bool UseCompressedOops                        = true                                 {lp64_product} {ergonomic}
     bool UseG1GC                                  = true                                      {product} {ergonomic}
     bool UseLargePagesIndividualAllocation        = false                                  {pd product} {ergonomic}

Logging:
Log output configuration:
 #0: stdout all=warning uptime,level,tags
 #1: stderr all=off uptime,level,tags

Environment Variables:
PATH=C:\Program Files\Common Files\Oracle\Java\javapath;C:\Oracle19c\bin;C:\Program Files\MySQL\MySQL Shell 8.0\bin\;C:\Python\Python39\Scripts\;C:\Python\Python39\;C:\Users\Tarek\AppData\Local\Android\Sdk\platform-tools;C:\Program Files (x86)\ActiveState Komodo IDE 12\;C:\Program Files (x86)\Common Files\Oracle\Java\javapath;C:\ProgramData\Oracle\Java\javapath;C:\Windows\system32;C:\Windows;C:\Windows\System32\Wbem;C:\Windows\System32\WindowsPowerShell\v1.0\;C:\Windows\System32\OpenSSH\;C:\Program Files (x86)\NVIDIA Corporation\PhysX\Common;C:\Program Files\NVIDIA Corporation\NVIDIA NvDLISR;C:\Program Files\dotnet\;C:\MinGW\bin;C:\Users\Tarek\AppData\Local\Microsoft\WindowsApps;C:\src\flutter\bin;C:\Users\Tarek\AppData\Local\Programs\Microsoft VS Code\bin;C:\Program Files\VisualSVN Server\bin;C:\WINDOWS\system32;C:\WINDOWS;C:\WINDOWS\System32\Wbem;C:\WINDOWS\System32\WindowsPowerShell\v1.0\;C:\WINDOWS\System32\OpenSSH\;C:\Program Files\Docker\Docker\resources\bin;C:\ProgramData\DockerDesktop\version-bin;C:\Program Files\Git\cmd;C:\Program Files\MySQL\MySQL Shell 8.0\bin\;C:\Python\Python39\Scripts\;C:\Python\Python39\;C:\Users\Tarek\AppData\Local\Android\Sdk\platform-tools;C:\Program Files (x86)\ActiveState Komodo IDE 12\;C:\Program Files (x86)\Common Files\Oracle\Java\javapath;C:\ProgramData\Oracle\Java\javapath;C:\Windows\system32;C:\Windows;C:\Windows\System32\Wbem;C:\Windows\System32\WindowsPowerShell\v1.0\;C:\Windows\System32\OpenSSH\;C:\Program Files (x86)\NVIDIA Corporation\PhysX\Common;C:\Program Files\NVIDIA Corporation\NVIDIA NvDLISR;C:\Program Files\dotnet\;C:\MinGW\bin;C:\Users\Tarek\AppData\Local\Microsoft\WindowsApps;C:\src\flutter\bin;;C:\Users\Tarek\AppData\Local\Programs\Microsoft VS Code\bin
USERNAME=Tarek
OS=Windows_NT
PROCESSOR_IDENTIFIER=AMD64 Family 23 Model 24 Stepping 1, AuthenticAMD



---------------  S Y S T E M  ---------------

OS: Windows 10 , 64 bit Build 19041 (10.0.19041.1348)
OS uptime: 4 days 23:07 hours
Hyper-V role detected

CPU:total 8 (initial active 8) (8 cores per cpu, 2 threads per core) family 23 model 24 stepping 1 microcode 0x0, cmov, cx8, fxsr, mmx, sse, sse2, sse3, ssse3, sse4.1, sse4.2, popcnt, avx, avx2, aes, clmul, mmxext, 3dnowpref, lzcnt, sse4a, ht, tsc, tscinvbit, tscinv, bmi1, bmi2, adx, s

Memory: 4k page, system-wide physical 14273M (3849M free)
TotalPageFile size 17273M (AvailPageFile size 5M)
current process WorkingSet (physical memory assigned to process): 608M, peak: 608M
current process commit charge ("private bytes"): 649M, peak: 652M

vm_info: OpenJDK 64-Bit Server VM (11.0.10+0-b96-7249189) for windows-amd64 JRE (11.0.10+0-b96-7249189), built on Mar 31 2021 21:44:00 by "builder" with MS VC++ 14.0 (VS2015)

END.
